CUDA Available
starting
['/shares/stadel.ics.mnf.uzh/aobulj/hifi_mocks_Paco_noise/maps_1000_kmax2D_0.20.npy']

Trial number: 14
Fields: ['fiducial']
lr: 0.0001415045000946467
wd: 0.05992004716132295
dr: 0.4650240677372829
hidden: 9

Preparing datasets...
size_maps, size_sims, splits 21600 900 24
Found 1 channels
Reading data...
-2.392e+00 < F(all|orig) < 1.110e+01
-11.316 < F(all|norm) < 17.568
size_maps, size_sims, splits 1200 50 24
Found 1 channels
Reading data...
-2.392e+00 < F(all|orig) < 1.110e+01
-11.316 < F(all|norm) < 17.568
Channel 0 contains 9600 maps
-6.746 < F < 10.729

size_maps, size_sims, splits 1200 50 24
Found 1 channels
Reading data...
-2.392e+00 < F(all|orig) < 1.110e+01
-11.316 < F(all|norm) < 17.568
Channel 0 contains 9600 maps
-9.752 < F < 14.721

total number of parameters in the model = 19039800
Computing initial validation loss
Initial valid loss = 2.750e+00
000 1.275e+01 1.533e+00 2.387e+00 (C) 
001 9.046e+00 -2.657e+00 -1.649e+00 (C) 
002 6.130e+00 -5.121e+00 -5.394e+00 (C) 
003 2.506e+00 -6.258e+00 -6.373e+00 (C) 
004 -1.990e+00 -7.036e+00 -6.834e+00 (C) 
005 -3.141e+00 -7.213e+00 -7.084e+00 (C) 
006 -3.501e+00 -7.345e+00 -7.182e+00 (C) 
007 -3.587e+00 -7.353e+00 -7.237e+00 (C) 
008 -3.914e+00 -7.430e+00 -7.203e+00 (C) 
009 -3.997e+00 -7.444e+00 -7.220e+00 (C) 
010 -4.586e+00 -7.413e+00 -7.138e+00 
011 -5.066e+00 -7.510e+00 -7.263e+00 (C) 
012 -5.717e+00 -7.531e+00 -7.215e+00 (C) 
013 -5.994e+00 -7.572e+00 -7.304e+00 (C) 
014 -6.157e+00 -7.591e+00 -7.287e+00 (C) 
015 -6.152e+00 -7.689e+00 -7.470e+00 (C) 
016 -6.179e+00 -7.653e+00 -7.525e+00 
017 -6.346e+00 -7.714e+00 -7.462e+00 (C) 
018 -6.859e+00 -7.898e+00 -7.634e+00 (C) 
019 -7.197e+00 -8.174e+00 -7.926e+00 (C) 
020 -7.458e+00 -8.328e+00 -8.079e+00 (C) 
021 -7.563e+00 -8.369e+00 -8.178e+00 (C) 
022 -7.596e+00 -8.368e+00 -8.293e+00 
023 -7.595e+00 -8.384e+00 -8.267e+00 (C) 
024 -7.716e+00 -8.237e+00 -8.511e+00 
025 -7.935e+00 -8.648e+00 -8.538e+00 (C) 
026 -8.120e+00 -8.700e+00 -8.592e+00 (C) 
027 -8.322e+00 -8.855e+00 -8.736e+00 (C) 
028 -8.399e+00 -8.877e+00 -8.738e+00 (C) 
029 -8.394e+00 -8.852e+00 -8.822e+00 
030 -8.395e+00 -8.883e+00 -8.661e+00 (C) 
031 -8.332e+00 -8.760e+00 -8.553e+00 
032 -8.481e+00 -9.038e+00 -8.692e+00 (C) 
033 -8.627e+00 -9.049e+00 -8.892e+00 (C) 
034 -8.700e+00 -9.148e+00 -8.885e+00 (C) 
035 -8.771e+00 -9.136e+00 -8.892e+00 
036 -8.745e+00 -9.126e+00 -8.793e+00 
037 -8.695e+00 -9.087e+00 -8.917e+00 
038 -8.656e+00 -8.802e+00 -8.484e+00 
039 -8.718e+00 -8.963e+00 -9.136e+00 
040 -8.881e+00 -9.520e+00 -9.180e+00 (C) 
041 -9.039e+00 -9.567e+00 -9.216e+00 (C) 
042 -9.125e+00 -9.613e+00 -9.357e+00 (C) 
043 -9.145e+00 -9.468e+00 -9.315e+00 
044 -9.065e+00 -9.182e+00 -8.902e+00 
045 -9.009e+00 -8.562e+00 -8.764e+00 
046 -9.074e+00 -8.940e+00 -8.680e+00 
047 -9.227e+00 -9.678e+00 -9.295e+00 (C) 
048 -9.317e+00 -9.623e+00 -9.329e+00 
049 -9.386e+00 -9.895e+00 -9.431e+00 (C) 
050 -9.333e+00 -9.697e+00 -9.345e+00 
051 -9.310e+00 -9.152e+00 -9.165e+00 
052 -9.241e+00 -9.404e+00 -8.960e+00 
053 -9.222e+00 -9.490e+00 -9.128e+00 
054 -9.341e+00 -9.663e+00 -9.189e+00 
055 -9.419e+00 -9.757e+00 -9.404e+00 
056 -9.496e+00 -9.981e+00 -9.573e+00 (C) 
057 -9.473e+00 -9.816e+00 -9.223e+00 
058 -9.433e+00 -9.731e+00 -9.432e+00 
059 -9.334e+00 -9.358e+00 -9.260e+00 
060 -9.325e+00 -9.401e+00 -9.055e+00 
061 -9.443e+00 -9.667e+00 -9.596e+00 
062 -9.504e+00 -9.955e+00 -9.622e+00 
063 -9.617e+00 -1.002e+01 -9.576e+00 (C) 
064 -9.606e+00 -9.760e+00 -9.309e+00 
065 -9.538e+00 -9.022e+00 -8.797e+00 
066 -9.460e+00 -9.124e+00 -9.353e+00 
067 -9.433e+00 -9.287e+00 -8.942e+00 
068 -9.549e+00 -9.816e+00 -9.375e+00 
069 -9.630e+00 -1.016e+01 -9.683e+00 (C) 
070 -9.709e+00 -1.016e+01 -9.755e+00 
071 -9.737e+00 -9.831e+00 -9.631e+00 
072 -9.662e+00 -9.798e+00 -9.631e+00 
073 -9.616e+00 -9.218e+00 -8.877e+00 
074 -9.564e+00 -9.957e+00 -9.824e+00 
075 -9.665e+00 -1.014e+01 -9.739e+00 
076 -9.800e+00 -9.965e+00 -9.575e+00 
077 -9.898e+00 -1.046e+01 -9.977e+00 (C) 
078 -9.959e+00 -1.012e+01 -9.730e+00 
079 -9.873e+00 -9.373e+00 -8.948e+00 
080 -9.834e+00 -9.449e+00 -9.225e+00 
081 -9.759e+00 -9.437e+00 -9.168e+00 
082 -9.904e+00 -1.031e+01 -9.994e+00 
083 -1.008e+01 -1.013e+01 -9.644e+00 
084 -1.021e+01 -1.085e+01 -1.017e+01 (C) 
085 -1.028e+01 -1.013e+01 -9.660e+00 
086 -1.021e+01 -1.008e+01 -1.012e+01 
087 -1.015e+01 -9.414e+00 -9.142e+00 
088 -1.009e+01 -9.580e+00 -9.209e+00 
089 -1.021e+01 -1.008e+01 -9.585e+00 
090 -1.037e+01 -1.028e+01 -9.877e+00 
091 -1.051e+01 -1.103e+01 -1.030e+01 (C) 
092 -1.059e+01 -1.073e+01 -1.024e+01 
093 -1.050e+01 -1.011e+01 -9.806e+00 
094 -1.042e+01 -1.015e+01 -9.640e+00 
095 -1.034e+01 -9.786e+00 -9.139e+00 
096 -1.041e+01 -9.822e+00 -9.470e+00 
097 -1.057e+01 -1.072e+01 -1.016e+01 
098 -1.072e+01 -1.109e+01 -1.050e+01 (C) 
099 -1.080e+01 -1.069e+01 -1.006e+01 
100 -1.073e+01 -1.016e+01 -9.849e+00 
101 -1.063e+01 -9.220e+00 -8.709e+00 
102 -1.053e+01 -1.019e+01 -9.424e+00 
103 -1.059e+01 -1.056e+01 -1.016e+01 
104 -1.071e+01 -1.073e+01 -1.033e+01 
105 -1.090e+01 -1.097e+01 -1.031e+01 
106 -1.097e+01 -1.100e+01 -1.040e+01 
107 -1.090e+01 -9.738e+00 -9.435e+00 
108 -1.078e+01 -8.855e+00 -8.587e+00 
109 -1.064e+01 -8.812e+00 -8.442e+00 
110 -1.067e+01 -9.977e+00 -1.001e+01 
111 -1.085e+01 -1.055e+01 -1.026e+01 
112 -1.098e+01 -1.093e+01 -1.039e+01 
113 -1.112e+01 -1.096e+01 -1.026e+01 
114 -1.103e+01 -9.627e+00 -9.350e+00 
115 -1.093e+01 -1.069e+01 -1.042e+01 
116 -1.083e+01 -8.435e+00 -7.900e+00 
117 -1.080e+01 -1.028e+01 -9.977e+00 
118 -1.095e+01 -1.076e+01 -1.025e+01 
119 -1.116e+01 -1.088e+01 -1.027e+01 
120 -1.125e+01 -1.098e+01 -1.041e+01 
121 -1.122e+01 -1.054e+01 -9.961e+00 
122 -1.112e+01 -1.005e+01 -9.965e+00 
123 -1.092e+01 -1.008e+01 -9.228e+00 
124 -1.096e+01 -9.474e+00 -9.278e+00 
125 -1.108e+01 -1.038e+01 -9.795e+00 
126 -1.126e+01 -1.063e+01 -1.004e+01 
127 -1.145e+01 -1.083e+01 -1.024e+01 
128 -1.136e+01 -1.048e+01 -9.803e+00 
129 -1.126e+01 -1.021e+01 -9.489e+00 
130 -1.109e+01 -1.047e+01 -9.716e+00 
131 -1.105e+01 -9.547e+00 -9.448e+00 
132 -1.120e+01 -9.855e+00 -9.375e+00 
133 -1.139e+01 -1.060e+01 -1.013e+01 
134 -1.155e+01 -1.084e+01 -1.021e+01 
135 -1.149e+01 -1.017e+01 -9.475e+00 
136 -1.141e+01 -9.762e+00 -9.186e+00 
137 -1.124e+01 -8.886e+00 -8.430e+00 
138 -1.116e+01 -9.955e+00 -9.553e+00 
139 -1.133e+01 -9.978e+00 -9.504e+00 
140 -1.150e+01 -1.074e+01 -1.014e+01 
141 -1.169e+01 -1.082e+01 -1.021e+01 
142 -1.170e+01 -1.043e+01 -9.933e+00 
143 -1.153e+01 -1.028e+01 -9.914e+00 
144 -1.142e+01 -8.383e+00 -8.166e+00 
145 -1.130e+01 -8.853e+00 -9.303e+00 
146 -1.142e+01 -1.050e+01 -1.007e+01 
147 -1.161e+01 -9.753e+00 -9.715e+00 
148 -1.189e+01 -1.071e+01 -1.010e+01 
149 -1.189e+01 -9.784e+00 -9.283e+00 
150 -1.173e+01 -9.637e+00 -9.229e+00 
151 -1.153e+01 -1.003e+01 -9.372e+00 
152 -1.141e+01 -1.003e+01 -9.589e+00 
153 -1.154e+01 -1.035e+01 -9.610e+00 
154 -1.177e+01 -1.050e+01 -1.016e+01 
155 -1.197e+01 -1.072e+01 -1.002e+01 
156 -1.205e+01 -1.053e+01 -9.839e+00 
157 -1.189e+01 -1.039e+01 -9.650e+00 
158 -1.167e+01 -9.842e+00 -9.636e+00 
159 -1.151e+01 -9.387e+00 -9.138e+00 
160 -1.167e+01 -9.330e+00 -8.890e+00 
161 -1.189e+01 -9.968e+00 -9.558e+00 
162 -1.213e+01 -1.067e+01 -1.002e+01 
163 -1.223e+01 -1.040e+01 -9.952e+00 
164 -1.205e+01 -9.727e+00 -9.352e+00 
165 -1.186e+01 -9.634e+00 -9.319e+00 
166 -1.168e+01 -9.288e+00 -8.641e+00 
167 -1.179e+01 -1.014e+01 -9.813e+00 
168 -1.198e+01 -1.040e+01 -9.654e+00 
169 -1.225e+01 -1.053e+01 -9.841e+00 
170 -1.238e+01 -1.025e+01 -9.858e+00 
171 -1.222e+01 -9.275e+00 -8.694e+00 
172 -1.202e+01 -1.009e+01 -9.657e+00 
173 -1.179e+01 -9.608e+00 -9.415e+00 
174 -1.192e+01 -9.620e+00 -9.318e+00 
175 -1.209e+01 -9.739e+00 -9.420e+00 
176 -1.237e+01 -1.037e+01 -9.812e+00 
177 -1.255e+01 -1.038e+01 -9.764e+00 
178 -1.238e+01 -1.012e+01 -9.586e+00 
179 -1.217e+01 -9.889e+00 -9.781e+00 
180 -1.192e+01 -9.696e+00 -9.296e+00 
181 -1.199e+01 -9.839e+00 -9.693e+00 
182 -1.220e+01 -1.035e+01 -9.683e+00 
183 -1.249e+01 -1.039e+01 -9.825e+00 
184 -1.267e+01 -1.027e+01 -9.708e+00 
185 -1.254e+01 -1.016e+01 -9.515e+00 
186 -1.231e+01 -9.976e+00 -9.854e+00 
187 -1.210e+01 -9.686e+00 -9.115e+00 
188 -1.211e+01 -9.710e+00 -9.660e+00 
189 -1.233e+01 -9.835e+00 -9.324e+00 
190 -1.261e+01 -1.007e+01 -9.712e+00 
191 -1.282e+01 -1.026e+01 -9.705e+00 
192 -1.269e+01 -9.944e+00 -9.607e+00 
193 -1.250e+01 -9.026e+00 -8.727e+00 
194 -1.222e+01 -9.414e+00 -9.085e+00 
195 -1.219e+01 -9.422e+00 -8.892e+00 
196 -1.244e+01 -1.009e+01 -9.428e+00 
197 -1.268e+01 -1.022e+01 -9.685e+00 
198 -1.294e+01 -1.040e+01 -9.753e+00 
199 -1.286e+01 -9.068e+00 -8.747e+00 
Time take (h): 5.1750

Trial number: 26
Fields: ['fiducial']
lr: 0.0008452954995967735
wd: 0.002512136420703424
dr: 0.8522856567922802
hidden: 6

Preparing datasets...
size_maps, size_sims, splits 21600 900 24
Found 1 channels
Reading data...
-2.392e+00 < F(all|orig) < 1.110e+01
-11.316 < F(all|norm) < 17.568
size_maps, size_sims, splits 1200 50 24
Found 1 channels
Reading data...
-2.392e+00 < F(all|orig) < 1.110e+01
-11.316 < F(all|norm) < 17.568
Channel 0 contains 9600 maps
-6.746 < F < 10.729

size_maps, size_sims, splits 1200 50 24
Found 1 channels
Reading data...
-2.392e+00 < F(all|orig) < 1.110e+01
-11.316 < F(all|norm) < 17.568
Channel 0 contains 9600 maps
-9.752 < F < 14.721

total number of parameters in the model = 8466876
Computing initial validation loss
Initial valid loss = 3.741e+00
000 2.567e+01 7.932e-02 2.490e+00 (C) 
001 2.261e+01 -3.346e+00 -2.287e+00 (C) 
002 1.665e+01 -5.928e+00 -5.975e+00 (C) 
003 8.178e+00 -7.074e+00 -7.021e+00 (C) 
004 1.108e+00 -7.136e+00 -7.005e+00 (C) 
005 -6.673e+00 -7.272e+00 -7.141e+00 (C) 
006 -7.110e+00 -7.300e+00 -7.144e+00 (C) 
007 -7.199e+00 -7.337e+00 -7.154e+00 (C) 
008 -7.161e+00 -7.343e+00 -7.123e+00 (C) 
009 -7.044e+00 -7.349e+00 -7.203e+00 (C) 
010 -7.018e+00 -7.325e+00 -7.212e+00 
011 -7.042e+00 -7.338e+00 -7.153e+00 
012 -7.211e+00 -7.406e+00 -7.223e+00 (C) 
013 -7.304e+00 -7.446e+00 -7.236e+00 (C) 
014 -7.358e+00 -7.482e+00 -7.259e+00 (C) 
015 -7.311e+00 -7.507e+00 -7.283e+00 (C) 
016 -7.270e+00 -7.527e+00 -7.353e+00 (C) 
017 -7.058e+00 -7.464e+00 -7.315e+00 
018 -7.171e+00 -7.586e+00 -7.393e+00 (C) 
019 -7.378e+00 -7.682e+00 -7.469e+00 (C) 
020 -7.586e+00 -7.821e+00 -7.591e+00 (C) 
021 -7.649e+00 -7.881e+00 -7.602e+00 (C) 
022 -7.667e+00 -7.945e+00 -7.663e+00 (C) 
023 -7.619e+00 -8.038e+00 -7.805e+00 (C) 
024 -6.719e+00 -7.460e+00 -7.208e+00 
025 -7.395e+00 -8.199e+00 -8.009e+00 (C) 
026 -7.904e+00 -8.424e+00 -8.203e+00 (C) 
027 -8.220e+00 -8.696e+00 -8.330e+00 (C) 
028 -8.363e+00 -8.621e+00 -8.304e+00 
029 -8.336e+00 -8.662e+00 -8.540e+00 
030 -8.187e+00 -8.706e+00 -8.524e+00 (C) 
031 -7.839e+00 -8.617e+00 -8.273e+00 
032 -7.854e+00 -8.651e+00 -8.320e+00 
033 -8.331e+00 -8.852e+00 -8.449e+00 (C) 
034 -8.524e+00 -9.057e+00 -8.562e+00 (C) 
035 -8.625e+00 -8.993e+00 -8.696e+00 
036 -8.588e+00 -8.794e+00 -8.658e+00 
037 -8.457e+00 -8.983e+00 -8.549e+00 
038 -8.225e+00 -8.682e+00 -8.454e+00 
039 -8.202e+00 -8.795e+00 -8.755e+00 
040 -8.435e+00 -8.991e+00 -8.688e+00 
041 -8.733e+00 -9.470e+00 -9.096e+00 (C) 
042 -8.981e+00 -9.548e+00 -9.113e+00 (C) 
043 -8.972e+00 -9.196e+00 -9.245e+00 
044 -8.773e+00 -9.176e+00 -8.638e+00 
045 -8.621e+00 -9.286e+00 -9.027e+00 
046 -8.562e+00 -9.340e+00 -9.018e+00 
047 -8.819e+00 -9.519e+00 -9.104e+00 
048 -9.042e+00 -9.815e+00 -9.529e+00 (C) 
049 -9.193e+00 -9.919e+00 -9.511e+00 (C) 
050 -9.170e+00 -9.750e+00 -9.214e+00 
051 -8.974e+00 -9.235e+00 -8.991e+00 
052 -8.809e+00 -9.354e+00 -8.988e+00 
053 -8.758e+00 -9.070e+00 -8.672e+00 
054 -8.933e+00 -9.354e+00 -9.220e+00 
055 -9.122e+00 -9.765e+00 -9.489e+00 
056 -9.249e+00 -9.915e+00 -9.422e+00 
057 -9.225e+00 -9.242e+00 -9.158e+00 
058 -9.111e+00 -9.216e+00 -9.184e+00 
059 -8.954e+00 -9.261e+00 -8.988e+00 
060 -8.874e+00 -9.589e+00 -9.280e+00 
061 -9.016e+00 -9.715e+00 -9.404e+00 
062 -9.133e+00 -9.856e+00 -9.425e+00 
063 -9.263e+00 -1.000e+01 -9.580e+00 (C) 
064 -9.276e+00 -9.594e+00 -9.130e+00 
065 -9.149e+00 -9.614e+00 -9.140e+00 
066 -9.008e+00 -8.942e+00 -8.803e+00 
067 -8.925e+00 -9.363e+00 -8.888e+00 
068 -9.039e+00 -9.633e+00 -9.399e+00 
069 -9.176e+00 -9.874e+00 -9.497e+00 
070 -9.302e+00 -1.006e+01 -9.621e+00 (C) 
071 -9.308e+00 -9.898e+00 -9.456e+00 
072 -9.191e+00 -8.726e+00 -8.340e+00 
073 -9.054e+00 -9.623e+00 -9.165e+00 
074 -8.954e+00 -9.626e+00 -9.287e+00 
075 -9.064e+00 -9.181e+00 -8.977e+00 
076 -9.178e+00 -9.852e+00 -9.510e+00 
077 -9.312e+00 -1.005e+01 -9.596e+00 
078 -9.340e+00 -9.956e+00 -9.430e+00 
079 -9.257e+00 -9.693e+00 -9.311e+00 
080 -9.105e+00 -8.762e+00 -8.613e+00 
081 -9.008e+00 -9.665e+00 -9.519e+00 
082 -9.121e+00 -9.260e+00 -8.832e+00 
083 -9.203e+00 -9.959e+00 -9.466e+00 
084 -9.325e+00 -1.009e+01 -9.616e+00 (C) 
085 -9.351e+00 -1.008e+01 -9.539e+00 
086 -9.286e+00 -9.919e+00 -9.528e+00 
087 -9.161e+00 -9.655e+00 -9.283e+00 
088 -9.066e+00 -9.252e+00 -9.044e+00 
089 -9.106e+00 -9.848e+00 -9.418e+00 
090 -9.232e+00 -9.936e+00 -9.480e+00 
091 -9.310e+00 -1.008e+01 -9.663e+00 
092 -9.387e+00 -9.945e+00 -9.457e+00 
093 -9.309e+00 -9.929e+00 -9.527e+00 
094 -9.208e+00 -9.624e+00 -9.119e+00 
095 -9.099e+00 -9.293e+00 -9.113e+00 
096 -9.144e+00 -9.510e+00 -9.356e+00 
097 -9.226e+00 -9.749e+00 -9.195e+00 
098 -9.369e+00 -1.007e+01 -9.691e+00 
099 -9.407e+00 -1.002e+01 -9.501e+00 
100 -9.376e+00 -9.074e+00 -8.852e+00 
101 -9.197e+00 -9.045e+00 -8.600e+00 
102 -9.127e+00 -9.401e+00 -9.280e+00 
103 -9.136e+00 -8.983e+00 -8.496e+00 
104 -9.243e+00 -9.901e+00 -9.414e+00 
105 -9.340e+00 -1.003e+01 -9.597e+00 
106 -9.415e+00 -1.001e+01 -9.570e+00 
107 -9.391e+00 -9.873e+00 -9.202e+00 
108 -9.285e+00 -9.244e+00 -9.000e+00 
109 -9.157e+00 -9.697e+00 -9.428e+00 
110 -9.156e+00 -9.375e+00 -9.031e+00 
111 -9.246e+00 -9.889e+00 -9.464e+00 
112 -9.376e+00 -1.008e+01 -9.665e+00 
113 -9.423e+00 -1.004e+01 -9.636e+00 
114 -9.420e+00 -1.005e+01 -9.673e+00 
115 -9.298e+00 -9.472e+00 -9.037e+00 
116 -9.193e+00 -9.023e+00 -8.838e+00 
117 -9.173e+00 -9.490e+00 -9.116e+00 
118 -9.270e+00 -9.667e+00 -9.380e+00 
119 -9.360e+00 -1.005e+01 -9.608e+00 
120 -9.438e+00 -1.010e+01 -9.642e+00 (C) 
121 -9.423e+00 -9.967e+00 -9.591e+00 
122 -9.342e+00 -9.548e+00 -9.554e+00 
123 -9.239e+00 -9.175e+00 -8.939e+00 
124 -9.199e+00 -9.917e+00 -9.566e+00 
125 -9.300e+00 -9.572e+00 -9.276e+00 
126 -9.374e+00 -1.007e+01 -9.597e+00 
127 -9.442e+00 -1.010e+01 -9.665e+00 
128 -9.445e+00 -9.793e+00 -9.477e+00 
129 -9.347e+00 -8.477e+00 -8.194e+00 
130 -9.271e+00 -9.894e+00 -9.247e+00 
131 -9.226e+00 -9.051e+00 -8.685e+00 
132 -9.296e+00 -9.761e+00 -9.598e+00 
133 -9.401e+00 -1.003e+01 -9.545e+00 
134 -9.508e+00 -1.016e+01 -9.712e+00 (C) 
135 -9.485e+00 -9.372e+00 -9.138e+00 
136 -9.399e+00 -9.865e+00 -9.326e+00 
137 -9.310e+00 -9.252e+00 -8.910e+00 
138 -9.275e+00 -9.498e+00 -9.195e+00 
139 -9.351e+00 -1.019e+01 -9.697e+00 (C) 
140 -9.478e+00 -1.010e+01 -9.746e+00 
141 -9.547e+00 -1.032e+01 -9.824e+00 (C) 
142 -9.564e+00 -1.027e+01 -9.822e+00 
143 -9.513e+00 -9.617e+00 -9.427e+00 
144 -9.433e+00 -9.851e+00 -9.415e+00 
145 -9.357e+00 -9.759e+00 -9.391e+00 
146 -9.401e+00 -9.920e+00 -9.457e+00 
147 -9.527e+00 -1.014e+01 -9.928e+00 
148 -9.623e+00 -1.048e+01 -1.001e+01 (C) 
149 -9.654e+00 -1.044e+01 -9.848e+00 
150 -9.574e+00 -1.003e+01 -9.639e+00 
151 -9.467e+00 -9.861e+00 -9.895e+00 
152 -9.398e+00 -9.914e+00 -9.434e+00 
153 -9.470e+00 -1.024e+01 -9.879e+00 
154 -9.560e+00 -9.947e+00 -9.740e+00 
155 -9.665e+00 -1.051e+01 -1.010e+01 (C) 
156 -9.662e+00 -1.039e+01 -9.830e+00 
157 -9.622e+00 -9.523e+00 -9.426e+00 
158 -9.523e+00 -1.021e+01 -9.547e+00 
159 -9.425e+00 -8.937e+00 -8.777e+00 
160 -9.496e+00 -9.891e+00 -9.345e+00 
161 -9.604e+00 -1.026e+01 -9.845e+00 
162 -9.669e+00 -1.047e+01 -9.966e+00 
163 -9.721e+00 -1.026e+01 -1.003e+01 
164 -9.655e+00 -9.514e+00 -9.062e+00 
165 -9.560e+00 -9.323e+00 -9.366e+00 
166 -9.477e+00 -9.880e+00 -9.349e+00 
167 -9.510e+00 -1.021e+01 -1.017e+01 
168 -9.586e+00 -9.980e+00 -9.623e+00 
169 -9.701e+00 -1.044e+01 -1.004e+01 
170 -9.745e+00 -1.043e+01 -1.005e+01 
171 -9.703e+00 -1.019e+01 -9.532e+00 
172 -9.602e+00 -1.001e+01 -9.686e+00 
173 -9.542e+00 -8.424e+00 -8.273e+00 
174 -9.516e+00 -1.006e+01 -9.769e+00 
175 -9.623e+00 -1.047e+01 -1.013e+01 
176 -9.717e+00 -1.037e+01 -9.859e+00 
177 -9.771e+00 -1.049e+01 -1.001e+01 
178 -9.719e+00 -9.979e+00 -9.404e+00 
179 -9.661e+00 -8.960e+00 -8.621e+00 
180 -9.553e+00 -9.855e+00 -9.743e+00 
181 -9.548e+00 -1.030e+01 -1.003e+01 
182 -9.640e+00 -1.001e+01 -9.737e+00 
183 -9.725e+00 -1.061e+01 -1.004e+01 (C) 
184 -9.789e+00 -1.049e+01 -1.002e+01 
185 -9.745e+00 -1.024e+01 -9.901e+00 
186 -9.663e+00 -1.017e+01 -9.538e+00 
187 -9.562e+00 -1.002e+01 -9.228e+00 
188 -9.566e+00 -1.012e+01 -9.630e+00 
189 -9.651e+00 -9.931e+00 -9.611e+00 
190 -9.743e+00 -1.049e+01 -9.999e+00 
191 -9.812e+00 -1.045e+01 -1.009e+01 
192 -9.761e+00 -1.006e+01 -9.462e+00 
193 -9.724e+00 -1.014e+01 -9.594e+00 
194 -9.609e+00 -9.809e+00 -9.673e+00 
195 -9.572e+00 -1.023e+01 -9.715e+00 
196 -9.673e+00 -9.575e+00 -9.450e+00 
197 -9.751e+00 -1.043e+01 -9.776e+00 
198 -9.824e+00 -1.054e+01 -1.015e+01 
199 -9.829e+00 -9.943e+00 -9.825e+00 
Time take (h): 4.4187

Trial number: 43
Fields: ['fiducial']
lr: 0.0019992615662675346
wd: 0.00016062212755287548
dr: 0.5609837322149496
hidden: 8

Preparing datasets...
size_maps, size_sims, splits 21600 900 24
Found 1 channels
Reading data...
-2.392e+00 < F(all|orig) < 1.110e+01
-11.316 < F(all|norm) < 17.568
size_maps, size_sims, splits 1200 50 24
Found 1 channels
Reading data...
-2.392e+00 < F(all|orig) < 1.110e+01
-11.316 < F(all|norm) < 17.568
Channel 0 contains 9600 maps
-6.746 < F < 10.729

size_maps, size_sims, splits 1200 50 24
Found 1 channels
Reading data...
-2.392e+00 < F(all|orig) < 1.110e+01
-11.316 < F(all|norm) < 17.568
Channel 0 contains 9600 maps
-9.752 < F < 14.721

total number of parameters in the model = 15045900
Computing initial validation loss
Initial valid loss = 6.307e+00
000 1.238e+01 -3.835e+00 -2.241e+00 (C) 
001 2.259e+00 -6.846e+00 -6.751e+00 (C) 
002 -4.429e+00 -6.987e+00 -6.736e+00 (C) 
003 -6.862e+00 -7.486e+00 -7.108e+00 (C) 
004 -7.404e+00 -7.951e+00 -7.645e+00 (C) 
005 -7.831e+00 -8.072e+00 -8.048e+00 (C) 
006 -8.189e+00 -8.657e+00 -8.321e+00 (C) 
007 -8.309e+00 -8.240e+00 -8.250e+00 
008 -8.219e+00 -8.124e+00 -8.033e+00 
009 -8.050e+00 -8.506e+00 -8.369e+00 
010 -7.275e+00 -7.827e+00 -7.994e+00 
011 -8.350e+00 -9.202e+00 -8.922e+00 (C) 
012 -8.959e+00 -9.557e+00 -9.115e+00 (C) 
013 -9.301e+00 -9.797e+00 -9.235e+00 (C) 
014 -9.472e+00 -9.418e+00 -9.011e+00 
015 -9.252e+00 -8.876e+00 -8.716e+00 
016 -8.954e+00 -7.713e+00 -7.647e+00 
017 -7.089e+00 -8.660e+00 -8.552e+00 
018 -8.874e+00 -9.308e+00 -8.900e+00 
019 -9.369e+00 -9.798e+00 -9.624e+00 (C) 
020 -9.567e+00 -1.017e+01 -9.536e+00 (C) 
021 -9.687e+00 -9.866e+00 -9.722e+00 
022 -9.564e+00 -9.723e+00 -9.527e+00 
023 -9.282e+00 -9.307e+00 -9.051e+00 
024 -8.596e+00 -8.664e+00 -8.701e+00 
025 -9.189e+00 -9.514e+00 -9.175e+00 
026 -9.485e+00 -9.360e+00 -8.915e+00 
027 -9.678e+00 -1.022e+01 -9.647e+00 (C) 
028 -9.819e+00 -1.024e+01 -9.603e+00 (C) 
029 -9.703e+00 -9.148e+00 -8.517e+00 
030 -9.501e+00 -8.817e+00 -8.525e+00 
031 -9.230e+00 -9.017e+00 -8.541e+00 
032 -9.381e+00 -8.492e+00 -7.958e+00 
033 -9.726e+00 -1.006e+01 -9.217e+00 
034 -9.971e+00 -1.054e+01 -9.856e+00 (C) 
035 -1.014e+01 -1.052e+01 -9.891e+00 
036 -1.004e+01 -1.029e+01 -9.587e+00 
037 -9.776e+00 -8.826e+00 -8.410e+00 
038 -9.478e+00 -9.800e+00 -9.537e+00 
039 -9.545e+00 -9.588e+00 -9.177e+00 
040 -9.827e+00 -9.718e+00 -9.337e+00 
041 -1.004e+01 -1.063e+01 -1.017e+01 (C) 
042 -1.021e+01 -1.073e+01 -1.016e+01 (C) 
043 -1.012e+01 -8.514e+00 -8.216e+00 
044 -9.908e+00 -9.384e+00 -9.041e+00 
045 -9.672e+00 -8.033e+00 -7.436e+00 
046 -9.610e+00 -9.981e+00 -9.264e+00 
047 -9.872e+00 -8.798e+00 -8.292e+00 
048 -1.010e+01 -1.013e+01 -9.401e+00 
049 -1.023e+01 -1.045e+01 -1.026e+01 
050 -1.018e+01 -9.017e+00 -8.383e+00 
051 -9.981e+00 -7.637e+00 -7.452e+00 
052 -9.755e+00 -9.401e+00 -9.436e+00 
053 -9.719e+00 -8.387e+00 -8.322e+00 
054 -9.887e+00 -8.587e+00 -7.999e+00 
055 -1.010e+01 -9.754e+00 -9.417e+00 
056 -1.028e+01 -1.081e+01 -1.030e+01 (C) 
057 -1.023e+01 -9.964e+00 -9.472e+00 
058 -1.004e+01 -8.363e+00 -7.984e+00 
059 -9.832e+00 -8.225e+00 -7.680e+00 
060 -9.770e+00 -8.766e+00 -8.658e+00 
061 -9.945e+00 -9.535e+00 -8.807e+00 
062 -1.012e+01 -1.059e+01 -1.013e+01 
063 -1.033e+01 -1.087e+01 -1.031e+01 (C) 
064 -1.029e+01 -1.032e+01 -9.923e+00 
065 -1.011e+01 -8.195e+00 -8.196e+00 
066 -9.915e+00 -9.350e+00 -9.180e+00 
067 -9.828e+00 -7.562e+00 -7.233e+00 
068 -9.990e+00 -9.632e+00 -9.368e+00 
069 -1.019e+01 -1.053e+01 -9.982e+00 
070 -1.037e+01 -1.091e+01 -1.041e+01 (C) 
071 -1.036e+01 -1.017e+01 -1.004e+01 
072 -1.020e+01 -8.714e+00 -8.907e+00 
073 -1.001e+01 -9.559e+00 -9.443e+00 
074 -9.897e+00 -9.583e+00 -8.920e+00 
075 -1.004e+01 -1.028e+01 -1.014e+01 
076 -1.024e+01 -1.086e+01 -1.025e+01 
077 -1.044e+01 -1.105e+01 -1.047e+01 (C) 
078 -1.048e+01 -1.023e+01 -9.639e+00 
079 -1.035e+01 -8.655e+00 -8.182e+00 
080 -1.019e+01 -8.389e+00 -8.180e+00 
081 -1.007e+01 -7.569e+00 -7.761e+00 
082 -1.024e+01 -9.543e+00 -8.743e+00 
083 -1.048e+01 -1.008e+01 -9.699e+00 
084 -1.070e+01 -1.129e+01 -1.053e+01 (C) 
085 -1.074e+01 -1.093e+01 -1.016e+01 
086 -1.060e+01 -1.080e+01 -1.006e+01 
087 -1.041e+01 -9.343e+00 -9.284e+00 
088 -1.026e+01 -9.258e+00 -8.721e+00 
089 -1.038e+01 -9.348e+00 -9.000e+00 
090 -1.058e+01 -1.019e+01 -9.671e+00 
091 -1.077e+01 -1.127e+01 -1.055e+01 
092 -1.086e+01 -1.026e+01 -9.746e+00 
093 -1.074e+01 -8.956e+00 -8.542e+00 
094 -1.051e+01 -1.023e+01 -9.464e+00 
095 -1.034e+01 -9.164e+00 -9.232e+00 
096 -1.043e+01 -1.016e+01 -9.336e+00 
097 -1.064e+01 -1.040e+01 -1.013e+01 
098 -1.083e+01 -1.114e+01 -1.060e+01 
099 -1.098e+01 -1.030e+01 -9.723e+00 
100 -1.081e+01 -1.084e+01 -9.976e+00 
101 -1.065e+01 -8.345e+00 -7.642e+00 
102 -1.045e+01 -9.501e+00 -8.787e+00 
103 -1.051e+01 -9.063e+00 -8.793e+00 
104 -1.069e+01 -1.093e+01 -1.032e+01 
105 -1.090e+01 -1.096e+01 -1.049e+01 
106 -1.105e+01 -1.070e+01 -1.030e+01 
107 -1.093e+01 -1.029e+01 -9.529e+00 
108 -1.075e+01 -9.182e+00 -9.240e+00 
109 -1.057e+01 -1.064e+01 -1.009e+01 
110 -1.056e+01 -9.356e+00 -8.803e+00 
111 -1.077e+01 -1.019e+01 -9.743e+00 
112 -1.096e+01 -1.087e+01 -1.020e+01 
113 -1.113e+01 -1.079e+01 -1.010e+01 
114 -1.101e+01 -1.067e+01 -9.891e+00 
115 -1.083e+01 -1.026e+01 -9.492e+00 
116 -1.065e+01 -9.331e+00 -9.589e+00 
117 -1.062e+01 -9.916e+00 -9.408e+00 
118 -1.082e+01 -9.901e+00 -9.410e+00 
119 -1.099e+01 -1.034e+01 -1.018e+01 
120 -1.118e+01 -1.127e+01 -1.059e+01 
121 -1.112e+01 -8.794e+00 -8.463e+00 
122 -1.093e+01 -9.500e+00 -9.593e+00 
123 -1.071e+01 -9.187e+00 -8.967e+00 
124 -1.071e+01 -9.744e+00 -8.888e+00 
125 -1.087e+01 -1.064e+01 -1.033e+01 
126 -1.106e+01 -1.119e+01 -1.046e+01 
127 -1.125e+01 -1.134e+01 -1.055e+01 (C) 
128 -1.117e+01 -1.001e+01 -9.386e+00 
129 -1.101e+01 -1.009e+01 -9.514e+00 
130 -1.081e+01 -8.837e+00 -8.398e+00 
131 -1.075e+01 -7.987e+00 -7.937e+00 
132 -1.091e+01 -1.059e+01 -9.843e+00 
133 -1.110e+01 -1.049e+01 -9.937e+00 
134 -1.129e+01 -1.117e+01 -1.038e+01 
135 -1.130e+01 -9.530e+00 -9.003e+00 
136 -1.109e+01 -1.028e+01 -9.722e+00 
137 -1.090e+01 -9.095e+00 -8.646e+00 
138 -1.077e+01 -1.040e+01 -1.000e+01 
139 -1.094e+01 -1.098e+01 -1.019e+01 
140 -1.115e+01 -1.069e+01 -9.807e+00 
141 -1.136e+01 -1.118e+01 -1.057e+01 
142 -1.134e+01 -1.018e+01 -9.733e+00 
143 -1.119e+01 -7.222e+00 -7.062e+00 
144 -1.101e+01 -1.019e+01 -9.552e+00 
145 -1.082e+01 -9.054e+00 -8.331e+00 
146 -1.101e+01 -1.039e+01 -9.870e+00 
147 -1.118e+01 -9.845e+00 -9.490e+00 
148 -1.140e+01 -1.111e+01 -1.049e+01 
149 -1.142e+01 -1.008e+01 -9.308e+00 
150 -1.126e+01 -1.030e+01 -9.540e+00 
151 -1.109e+01 -9.651e+00 -9.375e+00 
152 -1.091e+01 -1.038e+01 -9.472e+00 
153 -1.103e+01 -8.648e+00 -8.072e+00 
154 -1.124e+01 -1.052e+01 -9.821e+00 
155 -1.146e+01 -1.110e+01 -1.042e+01 
156 -1.154e+01 -1.003e+01 -9.969e+00 
157 -1.135e+01 -1.025e+01 -9.477e+00 
158 -1.114e+01 -1.001e+01 -9.256e+00 
159 -1.095e+01 -8.861e+00 -8.603e+00 
160 -1.109e+01 -1.047e+01 -9.844e+00 
161 -1.128e+01 -1.048e+01 -9.863e+00 
162 -1.151e+01 -1.112e+01 -1.041e+01 
163 -1.163e+01 -1.050e+01 -9.942e+00 
164 -1.142e+01 -1.017e+01 -9.545e+00 
165 -1.122e+01 -9.828e+00 -9.771e+00 
166 -1.105e+01 -9.520e+00 -9.388e+00 
167 -1.112e+01 -1.007e+01 -9.531e+00 
168 -1.131e+01 -1.051e+01 -9.676e+00 
169 -1.154e+01 -1.092e+01 -1.037e+01 
170 -1.166e+01 -1.079e+01 -1.050e+01 
171 -1.151e+01 -1.035e+01 -9.660e+00 
172 -1.130e+01 -1.005e+01 -9.332e+00 
173 -1.105e+01 -9.677e+00 -9.286e+00 
174 -1.117e+01 -9.744e+00 -9.273e+00 
175 -1.135e+01 -9.582e+00 -9.011e+00 
176 -1.164e+01 -1.084e+01 -1.035e+01 
177 -1.176e+01 -1.069e+01 -1.023e+01 
178 -1.161e+01 -1.020e+01 -9.707e+00 
179 -1.138e+01 -1.019e+01 -9.728e+00 
180 -1.119e+01 -8.814e+00 -8.971e+00 
181 -1.119e+01 -9.134e+00 -8.827e+00 
182 -1.140e+01 -1.043e+01 -9.702e+00 
183 -1.164e+01 -1.063e+01 -1.030e+01 
184 -1.183e+01 -1.047e+01 -1.010e+01 
185 -1.166e+01 -1.055e+01 -1.031e+01 
186 -1.147e+01 -1.019e+01 -9.556e+00 
187 -1.123e+01 -9.586e+00 -9.240e+00 
188 -1.124e+01 -9.969e+00 -9.172e+00 
189 -1.144e+01 -1.033e+01 -1.000e+01 
190 -1.168e+01 -1.090e+01 -1.019e+01 
191 -1.191e+01 -1.048e+01 -1.008e+01 
192 -1.180e+01 -1.051e+01 -9.682e+00 
193 -1.155e+01 -8.316e+00 -8.138e+00 
194 -1.130e+01 -8.985e+00 -8.996e+00 
195 -1.126e+01 -8.462e+00 -8.323e+00 
196 -1.148e+01 -9.259e+00 -8.549e+00 
197 -1.174e+01 -1.068e+01 -1.003e+01 
198 -1.194e+01 -1.051e+01 -1.014e+01 
199 -1.186e+01 -1.054e+01 -1.003e+01 
Time take (h): 5.3469

Trial number: 63
Fields: ['fiducial']
lr: 0.0015496104952770213
wd: 4.5073552228327784e-05
dr: 0.34420239327104896
hidden: 11

Preparing datasets...
size_maps, size_sims, splits 21600 900 24
Found 1 channels
Reading data...
-2.392e+00 < F(all|orig) < 1.110e+01
-11.316 < F(all|norm) < 17.568
size_maps, size_sims, splits 1200 50 24
Found 1 channels
Reading data...
-2.392e+00 < F(all|orig) < 1.110e+01
-11.316 < F(all|norm) < 17.568
Channel 0 contains 9600 maps
-6.746 < F < 10.729

size_maps, size_sims, splits 1200 50 24
Found 1 channels
Reading data...
-2.392e+00 < F(all|orig) < 1.110e+01
-11.316 < F(all|norm) < 17.568
Channel 0 contains 9600 maps
-9.752 < F < 14.721

total number of parameters in the model = 28436376
Computing initial validation loss
Initial valid loss = 9.241e+00
000 8.940e+00 -5.698e+00 -5.606e+00 (C) 
001 -3.134e+00 -5.526e+00 -5.226e+00 
002 -4.249e+00 -6.414e+00 -6.134e+00 (C) 
003 -5.748e+00 -6.560e+00 -7.145e+00 (C) 
004 -7.976e+00 -8.360e+00 -7.924e+00 (C) 
005 -8.538e+00 -8.871e+00 -8.477e+00 (C) 
006 -8.972e+00 -9.454e+00 -9.083e+00 (C) 
007 -9.048e+00 -9.150e+00 -8.966e+00 
008 -8.760e+00 -8.219e+00 -8.338e+00 
009 -8.338e+00 -7.347e+00 -7.215e+00 
010 -8.257e+00 -8.272e+00 -7.572e+00 
011 -8.746e+00 -9.284e+00 -9.151e+00 
012 -9.309e+00 -9.578e+00 -9.269e+00 (C) 
013 -9.800e+00 -1.057e+01 -9.998e+00 (C) 
014 -9.930e+00 -9.801e+00 -9.856e+00 
015 -9.567e+00 -8.813e+00 -8.658e+00 
016 -9.136e+00 -8.158e+00 -8.243e+00 
017 -8.297e+00 -7.383e+00 -6.796e+00 
018 -9.072e+00 -7.514e+00 -7.191e+00 
019 -9.594e+00 -8.986e+00 -9.107e+00 
020 -9.984e+00 -1.049e+01 -9.893e+00 
021 -1.018e+01 -9.419e+00 -9.130e+00 
022 -9.879e+00 -9.165e+00 -9.051e+00 
023 -9.497e+00 -8.276e+00 -8.303e+00 
024 -8.768e+00 -7.351e+00 -6.928e+00 
025 -9.001e+00 -7.997e+00 -8.229e+00 
026 -9.796e+00 -9.793e+00 -9.298e+00 
027 -1.011e+01 -1.016e+01 -9.732e+00 
028 -1.031e+01 -1.020e+01 -9.680e+00 
029 -1.010e+01 -1.017e+01 -9.645e+00 
030 -9.721e+00 -8.608e+00 -8.645e+00 
031 -8.871e+00 -6.345e+00 -6.711e+00 
032 -9.267e+00 -8.373e+00 -8.007e+00 
033 -9.925e+00 -8.961e+00 -8.676e+00 
034 -1.024e+01 -1.005e+01 -9.795e+00 
035 -1.042e+01 -9.965e+00 -9.867e+00 
036 -1.024e+01 -1.012e+01 -9.576e+00 
037 -9.931e+00 -7.491e+00 -6.976e+00 
038 -8.650e+00 -8.774e+00 -8.588e+00 
039 -9.640e+00 -9.234e+00 -8.925e+00 
040 -9.976e+00 -9.309e+00 -9.308e+00 
041 -1.028e+01 -1.053e+01 -1.035e+01 
042 -1.048e+01 -1.034e+01 -1.005e+01 
043 -1.033e+01 -9.889e+00 -9.638e+00 
044 -1.006e+01 -8.194e+00 -8.073e+00 
045 -9.574e+00 -8.062e+00 -7.556e+00 
046 -9.419e+00 -8.671e+00 -8.631e+00 
047 -1.004e+01 -9.159e+00 -9.581e+00 
048 -1.036e+01 -1.051e+01 -1.020e+01 
049 -1.064e+01 -9.606e+00 -9.295e+00 
050 -1.056e+01 -1.002e+01 -9.503e+00 
051 -1.029e+01 -8.054e+00 -7.382e+00 
052 -9.910e+00 -7.720e+00 -7.342e+00 
053 -9.871e+00 -7.959e+00 -7.696e+00 
054 -1.035e+01 -1.019e+01 -9.701e+00 
055 -1.062e+01 -1.061e+01 -9.823e+00 (C) 
056 -1.092e+01 -1.099e+01 -9.970e+00 (C) 
057 -1.081e+01 -8.740e+00 -8.259e+00 
058 -1.054e+01 -1.012e+01 -9.706e+00 
059 -1.022e+01 -8.203e+00 -7.636e+00 
060 -1.011e+01 -9.894e+00 -9.528e+00 
061 -1.044e+01 -9.411e+00 -8.798e+00 
062 -1.073e+01 -1.043e+01 -1.008e+01 
063 -1.097e+01 -1.118e+01 -1.045e+01 (C) 
064 -1.095e+01 -1.066e+01 -1.017e+01 
065 -1.072e+01 -9.493e+00 -8.851e+00 
066 -1.038e+01 -8.854e+00 -8.670e+00 
067 -1.023e+01 -8.989e+00 -8.450e+00 
068 -1.052e+01 -8.545e+00 -8.003e+00 
069 -1.078e+01 -1.104e+01 -1.010e+01 
070 -1.107e+01 -1.132e+01 -1.047e+01 (C) 
071 -1.105e+01 -8.791e+00 -8.636e+00 
072 -1.079e+01 -7.895e+00 -7.226e+00 
073 -1.051e+01 -7.474e+00 -7.130e+00 
074 -1.032e+01 -8.567e+00 -7.849e+00 
075 -1.059e+01 -8.889e+00 -8.659e+00 
076 -1.088e+01 -1.065e+01 -9.595e+00 
077 -1.111e+01 -1.123e+01 -1.052e+01 
078 -1.118e+01 -8.265e+00 -7.930e+00 
079 -1.091e+01 -1.032e+01 -9.538e+00 
080 -1.066e+01 -8.757e+00 -8.491e+00 
081 -1.045e+01 -8.308e+00 -8.476e+00 
082 -1.067e+01 -9.380e+00 -8.700e+00 
083 -1.090e+01 -1.014e+01 -9.335e+00 
084 -1.116e+01 -1.118e+01 -1.038e+01 
085 -1.127e+01 -9.950e+00 -9.601e+00 
086 -1.106e+01 -8.107e+00 -7.849e+00 
087 -1.076e+01 -9.531e+00 -8.775e+00 
088 -1.056e+01 -9.080e+00 -8.831e+00 
089 -1.070e+01 -8.671e+00 -7.971e+00 
090 -1.099e+01 -1.017e+01 -9.328e+00 
091 -1.123e+01 -1.078e+01 -1.003e+01 
092 -1.139e+01 -1.032e+01 -1.003e+01 
093 -1.117e+01 -9.413e+00 -9.219e+00 
094 -1.093e+01 -9.967e+00 -9.533e+00 
095 -1.067e+01 -9.203e+00 -8.441e+00 
096 -1.079e+01 -1.011e+01 -9.924e+00 
097 -1.105e+01 -1.045e+01 -1.024e+01 
098 -1.132e+01 -1.112e+01 -1.038e+01 
099 -1.149e+01 -1.093e+01 -1.041e+01 
100 -1.131e+01 -8.629e+00 -8.080e+00 
101 -1.102e+01 -7.957e+00 -7.630e+00 
102 -1.080e+01 -8.321e+00 -8.089e+00 
103 -1.089e+01 -9.239e+00 -9.059e+00 
104 -1.113e+01 -9.941e+00 -9.223e+00 
105 -1.142e+01 -1.083e+01 -1.021e+01 
106 -1.160e+01 -1.023e+01 -9.480e+00 
107 -1.144e+01 -1.043e+01 -9.867e+00 
108 -1.119e+01 -9.926e+00 -9.380e+00 
109 -1.093e+01 -9.903e+00 -9.492e+00 
110 -1.096e+01 -9.648e+00 -9.127e+00 
111 -1.122e+01 -1.048e+01 -9.966e+00 
112 -1.149e+01 -1.102e+01 -1.032e+01 
113 -1.167e+01 -1.089e+01 -1.033e+01 
114 -1.156e+01 -9.563e+00 -9.022e+00 
115 -1.130e+01 -9.509e+00 -8.771e+00 
116 -1.108e+01 -9.622e+00 -9.037e+00 
117 -1.099e+01 -9.550e+00 -9.120e+00 
118 -1.127e+01 -7.994e+00 -8.221e+00 
119 -1.157e+01 -1.019e+01 -9.586e+00 
120 -1.179e+01 -1.067e+01 -1.029e+01 
121 -1.169e+01 -1.016e+01 -9.962e+00 
122 -1.144e+01 -8.209e+00 -8.032e+00 
123 -1.120e+01 -9.111e+00 -8.699e+00 
124 -1.110e+01 -8.594e+00 -8.163e+00 
125 -1.137e+01 -9.574e+00 -9.340e+00 
126 -1.162e+01 -1.096e+01 -1.027e+01 
127 -1.187e+01 -1.072e+01 -1.048e+01 
128 -1.181e+01 -9.695e+00 -8.742e+00 
129 -1.156e+01 -9.613e+00 -8.715e+00 
130 -1.132e+01 -9.329e+00 -8.829e+00 
131 -1.126e+01 -7.944e+00 -7.388e+00 
132 -1.145e+01 -9.177e+00 -8.868e+00 
133 -1.168e+01 -1.060e+01 -1.027e+01 
134 -1.196e+01 -1.093e+01 -1.021e+01 
135 -1.193e+01 -1.019e+01 -9.737e+00 
136 -1.172e+01 -9.187e+00 -8.511e+00 
137 -1.144e+01 -9.160e+00 -8.987e+00 
138 -1.132e+01 -6.922e+00 -6.982e+00 
139 -1.150e+01 -1.026e+01 -9.433e+00 
140 -1.180e+01 -1.043e+01 -1.014e+01 
141 -1.208e+01 -1.093e+01 -1.031e+01 
142 -1.209e+01 -9.898e+00 -9.270e+00 
143 -1.183e+01 -1.010e+01 -9.062e+00 
144 -1.157e+01 -9.119e+00 -8.480e+00 
145 -1.138e+01 -7.627e+00 -7.270e+00 
146 -1.159e+01 -8.724e+00 -8.043e+00 
147 -1.186e+01 -9.533e+00 -9.021e+00 
148 -1.216e+01 -1.081e+01 -1.036e+01 
149 -1.224e+01 -1.031e+01 -9.661e+00 
150 -1.193e+01 -9.742e+00 -9.087e+00 
151 -1.169e+01 -1.007e+01 -9.363e+00 
152 -1.145e+01 -9.504e+00 -8.830e+00 
153 -1.169e+01 -1.002e+01 -9.584e+00 
154 -1.193e+01 -1.045e+01 -9.853e+00 
155 -1.226e+01 -1.085e+01 -1.029e+01 
156 -1.237e+01 -9.928e+00 -9.181e+00 
157 -1.208e+01 -8.168e+00 -7.650e+00 
158 -1.183e+01 -8.844e+00 -8.508e+00 
159 -1.161e+01 -9.288e+00 -8.558e+00 
160 -1.176e+01 -9.248e+00 -9.202e+00 
161 -1.202e+01 -1.051e+01 -9.795e+00 
162 -1.232e+01 -1.068e+01 -1.015e+01 
163 -1.245e+01 -1.045e+01 -9.911e+00 
164 -1.224e+01 -1.023e+01 -9.704e+00 
165 -1.197e+01 -9.348e+00 -8.759e+00 
166 -1.173e+01 -8.983e+00 -8.991e+00 
167 -1.184e+01 -1.029e+01 -9.807e+00 
168 -1.208e+01 -9.366e+00 -9.030e+00 
169 -1.237e+01 -1.068e+01 -9.937e+00 
170 -1.258e+01 -1.048e+01 -9.848e+00 
171 -1.236e+01 -1.015e+01 -9.233e+00 
172 -1.210e+01 -6.552e+00 -6.509e+00 
173 -1.184e+01 -9.189e+00 -8.673e+00 
174 -1.189e+01 -9.617e+00 -8.876e+00 
175 -1.217e+01 -1.023e+01 -9.669e+00 
176 -1.248e+01 -1.065e+01 -1.009e+01 
177 -1.269e+01 -1.036e+01 -1.005e+01 
178 -1.246e+01 -1.022e+01 -9.728e+00 
179 -1.219e+01 -1.011e+01 -9.976e+00 
180 -1.192e+01 -9.468e+00 -9.836e+00 
181 -1.194e+01 -9.936e+00 -9.961e+00 
182 -1.222e+01 -8.827e+00 -8.789e+00 
183 -1.253e+01 -1.039e+01 -1.017e+01 
184 -1.279e+01 -1.015e+01 -9.789e+00 
185 -1.263e+01 -9.807e+00 -9.689e+00 
186 -1.234e+01 -8.576e+00 -8.497e+00 
187 -1.205e+01 -9.153e+00 -8.841e+00 
188 -1.204e+01 -8.434e+00 -7.915e+00 
189 -1.226e+01 -1.026e+01 -9.527e+00 
190 -1.260e+01 -1.029e+01 -9.833e+00 
191 -1.291e+01 -9.940e+00 -9.925e+00 
192 -1.274e+01 -9.723e+00 -9.253e+00 
193 -1.246e+01 -7.618e+00 -7.909e+00 
194 -1.211e+01 -8.886e+00 -8.699e+00 
195 -1.208e+01 -9.696e+00 -8.908e+00 
196 -1.239e+01 -8.964e+00 -8.865e+00 
197 -1.270e+01 -1.046e+01 -9.819e+00 
198 -1.299e+01 -1.050e+01 -9.996e+00 
199 -1.283e+01 -9.372e+00 -9.202e+00 
Time take (h): 6.0491

Trial number: 83
Fields: ['fiducial']
lr: 0.004872637555438553
wd: 5.6729210394297563e-05
dr: 0.44270829673674494
hidden: 10

Preparing datasets...
size_maps, size_sims, splits 21600 900 24
Found 1 channels
Reading data...
-2.392e+00 < F(all|orig) < 1.110e+01
-11.316 < F(all|norm) < 17.568
size_maps, size_sims, splits 1200 50 24
Found 1 channels
Reading data...
-2.392e+00 < F(all|orig) < 1.110e+01
-11.316 < F(all|norm) < 17.568
Channel 0 contains 9600 maps
-6.746 < F < 10.729

size_maps, size_sims, splits 1200 50 24
Found 1 channels
Reading data...
-2.392e+00 < F(all|orig) < 1.110e+01
-11.316 < F(all|norm) < 17.568
Channel 0 contains 9600 maps
-9.752 < F < 14.721

total number of parameters in the model = 23503292
Computing initial validation loss
Initial valid loss = 1.069e+01
000 1.070e+01 -5.590e+00 -5.475e+00 (C) 
001 -1.624e+00 -6.969e+00 -6.810e+00 (C) 
002 -5.673e+00 -4.636e+00 -6.469e+00 
003 -1.911e+00 -7.331e+00 -7.017e+00 (C) 
004 -7.781e+00 -8.030e+00 -8.584e+00 (C) 
005 -8.631e+00 -9.428e+00 -9.105e+00 (C) 
006 -9.283e+00 -1.000e+01 -9.423e+00 (C) 
007 -9.441e+00 -9.549e+00 -9.532e+00 
008 -8.774e+00 -8.848e+00 -8.632e+00 
009 -7.685e+00 -8.941e+00 -8.612e+00 
010 -7.186e+00 -7.793e+00 -7.547e+00 
011 -8.840e+00 -8.957e+00 -8.656e+00 
012 -9.428e+00 -9.664e+00 -9.128e+00 
013 -9.702e+00 -1.011e+01 -9.738e+00 (C) 
014 -9.805e+00 -9.784e+00 -9.330e+00 
015 -9.550e+00 -9.030e+00 -9.237e+00 
016 -9.241e+00 -8.607e+00 -8.384e+00 
017 -8.981e+00 -8.359e+00 -8.396e+00 
018 -9.263e+00 -8.626e+00 -8.427e+00 
019 -9.583e+00 -9.864e+00 -9.444e+00 
020 -9.812e+00 -9.966e+00 -9.645e+00 
021 -9.909e+00 -1.000e+01 -9.520e+00 
022 -9.689e+00 -9.576e+00 -9.337e+00 
023 -9.482e+00 -8.306e+00 -8.400e+00 
024 -9.239e+00 -7.875e+00 -7.493e+00 
025 -9.412e+00 -8.961e+00 -8.439e+00 
026 -9.657e+00 -9.602e+00 -9.250e+00 
027 -9.856e+00 -1.015e+01 -9.544e+00 (C) 
028 -9.985e+00 -9.865e+00 -9.384e+00 
029 -9.835e+00 -7.575e+00 -7.599e+00 
030 -9.596e+00 -8.818e+00 -8.507e+00 
031 -9.375e+00 -8.794e+00 -8.693e+00 
032 -9.455e+00 -7.582e+00 -7.083e+00 
033 -9.695e+00 -1.017e+01 -9.699e+00 (C) 
034 -9.879e+00 -1.017e+01 -9.863e+00 
035 -1.003e+01 -9.612e+00 -9.355e+00 
036 -9.877e+00 -8.197e+00 -8.318e+00 
037 -9.677e+00 -8.842e+00 -8.422e+00 
038 -9.457e+00 -7.504e+00 -7.653e+00 
039 -9.430e+00 -8.831e+00 -8.918e+00 
040 -9.695e+00 -8.531e+00 -8.371e+00 
041 -9.866e+00 -9.787e+00 -9.296e+00 
042 -1.006e+01 -1.017e+01 -9.710e+00 (C) 
043 -9.932e+00 -9.700e+00 -9.246e+00 
044 -9.753e+00 -7.318e+00 -7.068e+00 
045 -9.595e+00 -6.546e+00 -6.257e+00 
046 -9.561e+00 -8.179e+00 -8.266e+00 
047 -9.903e+00 -9.307e+00 -8.813e+00 
048 -1.015e+01 -1.067e+01 -1.028e+01 (C) 
049 -1.038e+01 -1.042e+01 -9.598e+00 
050 -1.024e+01 -8.054e+00 -8.009e+00 
051 -9.968e+00 -8.803e+00 -8.777e+00 
052 -9.715e+00 -7.986e+00 -7.623e+00 
053 -9.601e+00 -9.460e+00 -9.079e+00 
054 -9.919e+00 -8.701e+00 -8.178e+00 
055 -1.019e+01 -9.488e+00 -8.724e+00 
056 -1.042e+01 -1.067e+01 -1.037e+01 
057 -1.031e+01 -9.503e+00 -9.244e+00 
058 -1.008e+01 -8.776e+00 -8.446e+00 
059 -9.782e+00 -9.104e+00 -8.937e+00 
060 -9.648e+00 -9.725e+00 -9.446e+00 
061 -9.941e+00 -9.213e+00 -8.899e+00 
062 -1.018e+01 -9.488e+00 -8.793e+00 
063 -1.045e+01 -1.080e+01 -1.036e+01 (C) 
064 -1.043e+01 -9.096e+00 -9.238e+00 
065 -1.017e+01 -8.946e+00 -8.893e+00 
066 -9.922e+00 -8.459e+00 -8.039e+00 
067 -9.746e+00 -7.712e+00 -7.145e+00 
068 -1.012e+01 -7.249e+00 -6.947e+00 
069 -1.043e+01 -1.055e+01 -9.637e+00 
070 -1.074e+01 -1.144e+01 -1.054e+01 (C) 
071 -1.076e+01 -1.015e+01 -9.844e+00 
072 -1.044e+01 -8.961e+00 -8.940e+00 
073 -1.010e+01 -7.756e+00 -7.873e+00 
074 -9.909e+00 -9.089e+00 -8.743e+00 
075 -1.013e+01 -9.872e+00 -9.288e+00 
076 -1.048e+01 -1.035e+01 -9.441e+00 
077 -1.077e+01 -1.140e+01 -1.054e+01 
078 -1.086e+01 -1.015e+01 -9.343e+00 
079 -1.059e+01 -1.032e+01 -9.829e+00 
080 -1.023e+01 -8.331e+00 -8.163e+00 
081 -9.971e+00 -9.136e+00 -9.135e+00 
082 -1.022e+01 -1.047e+01 -9.886e+00 
083 -1.055e+01 -1.005e+01 -9.412e+00 
084 -1.082e+01 -1.139e+01 -1.056e+01 
085 -1.095e+01 -1.066e+01 -1.014e+01 
086 -1.066e+01 -9.010e+00 -8.372e+00 
087 -1.033e+01 -9.512e+00 -9.075e+00 
088 -1.005e+01 -8.469e+00 -8.352e+00 
089 -1.022e+01 -9.513e+00 -9.344e+00 
090 -1.052e+01 -1.055e+01 -9.738e+00 
091 -1.084e+01 -1.129e+01 -1.046e+01 
092 -1.100e+01 -1.027e+01 -9.968e+00 
093 -1.074e+01 -9.780e+00 -9.465e+00 
094 -1.043e+01 -8.190e+00 -7.619e+00 
095 -1.008e+01 -8.698e+00 -8.166e+00 
096 -1.024e+01 -8.022e+00 -7.997e+00 
097 -1.060e+01 -8.773e+00 -9.030e+00 
098 -1.088e+01 -1.091e+01 -1.052e+01 
099 -1.108e+01 -1.089e+01 -1.037e+01 
