CUDA Available
starting
['/shares/stadel.ics.mnf.uzh/aobulj/hifi_mocks_Paco_noise/maps_1000.npy']

Trial number: 0
Fields: ['fiducial']
lr: 7.149311239786074e-05
wd: 0.00370881140107211
dr: 0.8116875995997963
hidden: 12

Preparing datasets...
size_maps, size_sims, splits 21600 900 24
Found 1 channels
Reading data...
-1.332e+01 < F(all|orig) < 5.231e+01
-38.901 < F(all|norm) < 33.963
size_maps, size_sims, splits 1200 50 24
Found 1 channels
Reading data...
-1.332e+01 < F(all|orig) < 5.231e+01
-38.901 < F(all|norm) < 33.963
Channel 0 contains 9600 maps
-10.636 < F < 21.239

size_maps, size_sims, splits 1200 50 24
Found 1 channels
Reading data...
-1.332e+01 < F(all|orig) < 5.231e+01
-38.901 < F(all|norm) < 33.963
Channel 0 contains 9600 maps
-24.543 < F < 24.201

total number of parameters in the model = 33839052
Computing initial validation loss
Initial valid loss = 8.771e+00
000 2.339e+01 3.529e+00 4.390e+00 (C) 
001 2.151e+01 2.068e+00 3.699e+00 (C) 
002 2.089e+01 -5.203e-02 2.877e+00 (C) 
003 2.020e+01 -1.943e+00 -5.898e-01 (C) 
