CUDA Available
starting
['/shares/stadel.ics.mnf.uzh/aobulj/hifi_mocks_Paco_noise/maps_1000.npy']

Trial number: 6
Fields: ['fiducial']
lr: 8.959517440595443e-05
wd: 9.732458420797669e-08
dr: 0.7344811394962911
hidden: 6

Preparing datasets...
size_maps, size_sims, splits 21600 900 24
Found 1 channels
Reading data...
-1.332e+01 < F(all|orig) < 5.231e+01
-38.901 < F(all|norm) < 33.963
size_maps, size_sims, splits 1200 50 24
Found 1 channels
Reading data...
-1.332e+01 < F(all|orig) < 5.231e+01
-38.901 < F(all|norm) < 33.963
Channel 0 contains 9600 maps
-10.636 < F < 21.239

size_maps, size_sims, splits 1200 50 24
Found 1 channels
Reading data...
-1.332e+01 < F(all|orig) < 5.231e+01
-38.901 < F(all|norm) < 33.963
Channel 0 contains 9600 maps
-24.543 < F < 24.201

total number of parameters in the model = 8466876
Computing initial validation loss
Initial valid loss = 7.237e+00
000 1.970e+01 3.759e+00 3.691e+00 (C) 
001 1.796e+01 1.548e+00 1.607e+00 (C) 
002 1.651e+01 -1.023e+00 -1.254e-01 (C) 
003 1.522e+01 -3.171e+00 -2.321e+00 (C) 
004 1.367e+01 -3.865e+00 -3.893e+00 (C) 
005 1.199e+01 -3.806e+00 -3.836e+00 
006 1.112e+01 -3.851e+00 -3.837e+00 
007 1.102e+01 -3.866e+00 -3.761e+00 (C) 
008 1.121e+01 -3.919e+00 -3.450e+00 (C) 
009 9.997e+00 -3.932e+00 -3.679e+00 (C) 
010 9.411e+00 -4.132e+00 -4.117e+00 (C) 
011 7.555e+00 -4.279e+00 -4.383e+00 (C) 
012 6.580e+00 -4.533e+00 -4.650e+00 (C) 
013 5.544e+00 -4.696e+00 -4.827e+00 (C) 
014 5.863e+00 -4.800e+00 -4.879e+00 (C) 
015 5.986e+00 -5.148e+00 -5.211e+00 (C) 
016 6.208e+00 -5.579e+00 -5.707e+00 (C) 
017 4.619e+00 -6.190e+00 -6.249e+00 (C) 
018 3.479e+00 -6.629e+00 -6.605e+00 (C) 
019 2.837e+00 -6.712e+00 -6.791e+00 (C) 
020 2.185e+00 -6.746e+00 -6.787e+00 (C) 
021 2.092e+00 -6.735e+00 -6.814e+00 
022 2.012e+00 -6.815e+00 -6.824e+00 (C) 
023 1.836e+00 -6.948e+00 -6.859e+00 (C) 
024 8.289e-01 -7.083e+00 -7.008e+00 (C) 
025 -7.313e-02 -7.077e+00 -7.030e+00 
026 -4.426e-01 -7.089e+00 -7.046e+00 (C) 
027 -8.728e-01 -7.173e+00 -7.069e+00 (C) 
028 -9.077e-01 -7.141e+00 -7.049e+00 
029 -1.098e+00 -7.207e+00 -7.052e+00 (C) 
030 -1.603e+00 -7.194e+00 -7.101e+00 
031 -1.700e+00 -7.209e+00 -7.093e+00 (C) 
032 -2.237e+00 -7.227e+00 -7.106e+00 (C) 
033 -2.901e+00 -7.188e+00 -7.129e+00 
034 -3.385e+00 -7.208e+00 -7.122e+00 
035 -3.611e+00 -7.199e+00 -7.129e+00 
036 -3.542e+00 -7.206e+00 -7.112e+00 
037 -3.981e+00 -7.192e+00 -7.132e+00 
038 -4.102e+00 -7.196e+00 -7.117e+00 
039 -4.568e+00 -7.241e+00 -7.167e+00 (C) 
040 -5.150e+00 -7.158e+00 -7.126e+00 
041 -5.414e+00 -7.258e+00 -7.171e+00 (C) 
042 -5.263e+00 -7.259e+00 -7.179e+00 (C) 
043 -5.663e+00 -7.259e+00 -7.170e+00 (C) 
044 -5.614e+00 -7.262e+00 -7.186e+00 (C) 
045 -5.686e+00 -7.307e+00 -7.197e+00 (C) 
046 -6.054e+00 -7.292e+00 -7.225e+00 
047 -6.295e+00 -7.292e+00 -7.232e+00 
048 -6.467e+00 -7.294e+00 -7.249e+00 
049 -6.588e+00 -7.309e+00 -7.254e+00 (C) 
050 -6.546e+00 -7.303e+00 -7.241e+00 
051 -6.646e+00 -7.299e+00 -7.234e+00 
052 -6.680e+00 -7.334e+00 -7.256e+00 (C) 
053 -6.742e+00 -7.305e+00 -7.287e+00 
054 -6.867e+00 -7.333e+00 -7.318e+00 
055 -6.881e+00 -7.347e+00 -7.306e+00 (C) 
056 -6.909e+00 -7.343e+00 -7.301e+00 
057 -6.978e+00 -7.342e+00 -7.296e+00 
058 -6.949e+00 -7.349e+00 -7.333e+00 (C) 
059 -6.984e+00 -7.373e+00 -7.339e+00 (C) 
060 -7.004e+00 -7.339e+00 -7.335e+00 
061 -7.054e+00 -7.365e+00 -7.360e+00 
062 -7.099e+00 -7.371e+00 -7.361e+00 
063 -7.141e+00 -7.373e+00 -7.374e+00 
064 -7.125e+00 -7.355e+00 -7.367e+00 
065 -7.201e+00 -7.456e+00 -7.434e+00 (C) 
066 -7.318e+00 -7.762e+00 -7.643e+00 (C) 
067 -7.506e+00 -7.755e+00 -7.552e+00 
068 -7.646e+00 -8.170e+00 -7.834e+00 (C) 
069 -7.800e+00 -8.243e+00 -7.892e+00 (C) 
070 -7.890e+00 -8.226e+00 -7.914e+00 
071 -7.900e+00 -8.227e+00 -7.924e+00 
072 -7.914e+00 -8.249e+00 -7.961e+00 (C) 
073 -7.966e+00 -8.251e+00 -7.985e+00 (C) 
074 -7.971e+00 -8.176e+00 -7.916e+00 
075 -8.058e+00 -8.219e+00 -8.026e+00 
076 -8.101e+00 -8.397e+00 -8.103e+00 (C) 
077 -8.173e+00 -8.462e+00 -8.115e+00 (C) 
078 -8.197e+00 -8.358e+00 -8.060e+00 
079 -8.238e+00 -8.334e+00 -8.246e+00 
080 -8.379e+00 -9.031e+00 -8.558e+00 (C) 
081 -8.543e+00 -8.799e+00 -8.694e+00 
082 -8.703e+00 -8.913e+00 -8.740e+00 
083 -8.872e+00 -9.479e+00 -9.138e+00 (C) 
084 -8.925e+00 -9.479e+00 -9.142e+00 
085 -8.963e+00 -9.336e+00 -9.100e+00 
086 -8.987e+00 -9.617e+00 -9.403e+00 (C) 
087 -9.009e+00 -9.273e+00 -9.163e+00 
088 -8.992e+00 -8.057e+00 -8.149e+00 
089 -9.084e+00 -9.647e+00 -9.378e+00 (C) 
090 -9.215e+00 -9.964e+00 -9.698e+00 (C) 
091 -9.305e+00 -9.878e+00 -9.720e+00 
092 -9.313e+00 -9.823e+00 -9.660e+00 
093 -9.308e+00 -9.612e+00 -9.458e+00 
094 -9.279e+00 -9.680e+00 -9.559e+00 
095 -9.271e+00 -9.305e+00 -9.167e+00 
096 -9.337e+00 -9.624e+00 -9.542e+00 
097 -9.454e+00 -1.016e+01 -9.945e+00 (C) 
098 -9.578e+00 -1.041e+01 -1.018e+01 (C) 
099 -9.655e+00 -1.052e+01 -1.022e+01 (C) 
100 -9.664e+00 -1.037e+01 -1.012e+01 
101 -9.744e+00 -1.029e+01 -1.005e+01 
102 -9.796e+00 -1.014e+01 -1.034e+01 
103 -9.918e+00 -1.076e+01 -1.074e+01 (C) 
104 -1.004e+01 -1.083e+01 -1.081e+01 (C) 
105 -1.014e+01 -1.104e+01 -1.088e+01 (C) 
106 -1.019e+01 -1.086e+01 -1.084e+01 
107 -1.014e+01 -1.098e+01 -1.083e+01 
108 -1.014e+01 -1.112e+01 -1.093e+01 (C) 
109 -1.009e+01 -1.091e+01 -1.080e+01 
110 -1.018e+01 -1.063e+01 -1.045e+01 
111 -1.022e+01 -1.101e+01 -1.089e+01 
112 -1.030e+01 -1.126e+01 -1.094e+01 (C) 
113 -1.037e+01 -1.138e+01 -1.112e+01 (C) 
114 -1.035e+01 -1.132e+01 -1.103e+01 
115 -1.031e+01 -1.127e+01 -1.111e+01 
116 -1.029e+01 -1.090e+01 -1.070e+01 
117 -1.029e+01 -1.109e+01 -1.104e+01 
118 -1.039e+01 -1.123e+01 -1.095e+01 
119 -1.045e+01 -1.148e+01 -1.125e+01 (C) 
120 -1.047e+01 -1.147e+01 -1.136e+01 
121 -1.046e+01 -1.146e+01 -1.118e+01 
122 -1.042e+01 -1.123e+01 -1.113e+01 
123 -1.037e+01 -1.126e+01 -1.095e+01 
124 -1.037e+01 -1.134e+01 -1.117e+01 
125 -1.045e+01 -1.132e+01 -1.121e+01 
126 -1.052e+01 -1.145e+01 -1.136e+01 
127 -1.056e+01 -1.154e+01 -1.144e+01 (C) 
128 -1.058e+01 -1.120e+01 -1.128e+01 
129 -1.052e+01 -1.156e+01 -1.145e+01 (C) 
130 -1.045e+01 -1.144e+01 -1.133e+01 
131 -1.043e+01 -1.136e+01 -1.096e+01 
132 -1.051e+01 -1.171e+01 -1.143e+01 (C) 
133 -1.063e+01 -1.167e+01 -1.155e+01 
134 -1.068e+01 -1.180e+01 -1.175e+01 (C) 
135 -1.067e+01 -1.159e+01 -1.142e+01 
136 -1.062e+01 -1.169e+01 -1.157e+01 
137 -1.060e+01 -1.113e+01 -1.112e+01 
138 -1.059e+01 -1.140e+01 -1.142e+01 
139 -1.066e+01 -1.152e+01 -1.169e+01 
140 -1.076e+01 -1.183e+01 -1.169e+01 (C) 
141 -1.084e+01 -1.205e+01 -1.198e+01 (C) 
142 -1.084e+01 -1.182e+01 -1.182e+01 
143 -1.082e+01 -1.181e+01 -1.182e+01 
144 -1.074e+01 -1.179e+01 -1.159e+01 
145 -1.068e+01 -1.163e+01 -1.164e+01 
146 -1.077e+01 -1.118e+01 -1.136e+01 
147 -1.088e+01 -1.213e+01 -1.203e+01 (C) 
148 -1.095e+01 -1.213e+01 -1.204e+01 (C) 
149 -1.095e+01 -1.213e+01 -1.189e+01 
150 -1.092e+01 -1.163e+01 -1.143e+01 
151 -1.082e+01 -1.131e+01 -1.137e+01 
152 -1.082e+01 -1.177e+01 -1.195e+01 
153 -1.084e+01 -1.166e+01 -1.177e+01 
154 -1.093e+01 -1.225e+01 -1.202e+01 (C) 
155 -1.107e+01 -1.225e+01 -1.219e+01 
156 -1.106e+01 -1.239e+01 -1.225e+01 (C) 
157 -1.099e+01 -1.209e+01 -1.200e+01 
158 -1.094e+01 -1.119e+01 -1.157e+01 
159 -1.087e+01 -1.182e+01 -1.205e+01 
160 -1.094e+01 -1.200e+01 -1.189e+01 
161 -1.102e+01 -1.223e+01 -1.214e+01 
162 -1.110e+01 -1.232e+01 -1.234e+01 
163 -1.112e+01 -1.224e+01 -1.221e+01 
164 -1.106e+01 -1.233e+01 -1.207e+01 
165 -1.101e+01 -1.191e+01 -1.180e+01 
166 -1.094e+01 -1.196e+01 -1.205e+01 
167 -1.097e+01 -1.224e+01 -1.218e+01 
168 -1.107e+01 -1.205e+01 -1.192e+01 
169 -1.116e+01 -1.257e+01 -1.242e+01 (C) 
170 -1.119e+01 -1.235e+01 -1.215e+01 
171 -1.115e+01 -1.224e+01 -1.244e+01 
172 -1.109e+01 -1.173e+01 -1.163e+01 
173 -1.101e+01 -1.179e+01 -1.194e+01 
174 -1.106e+01 -1.219e+01 -1.215e+01 
175 -1.114e+01 -1.239e+01 -1.244e+01 
176 -1.124e+01 -1.254e+01 -1.243e+01 
177 -1.128e+01 -1.234e+01 -1.237e+01 
178 -1.124e+01 -1.195e+01 -1.145e+01 
179 -1.116e+01 -1.211e+01 -1.202e+01 
180 -1.108e+01 -1.148e+01 -1.146e+01 
181 -1.111e+01 -1.240e+01 -1.230e+01 
182 -1.117e+01 -1.251e+01 -1.245e+01 
183 -1.127e+01 -1.258e+01 -1.256e+01 (C) 
184 -1.134e+01 -1.241e+01 -1.244e+01 
185 -1.128e+01 -1.241e+01 -1.260e+01 
186 -1.124e+01 -1.150e+01 -1.145e+01 
187 -1.118e+01 -1.217e+01 -1.222e+01 
188 -1.116e+01 -1.226e+01 -1.217e+01 
189 -1.125e+01 -1.231e+01 -1.233e+01 
190 -1.133e+01 -1.250e+01 -1.243e+01 
191 -1.139e+01 -1.256e+01 -1.247e+01 
192 -1.136e+01 -1.219e+01 -1.182e+01 
193 -1.130e+01 -1.243e+01 -1.226e+01 
194 -1.120e+01 -1.192e+01 -1.202e+01 
195 -1.117e+01 -1.231e+01 -1.227e+01 
196 -1.127e+01 -1.238e+01 -1.229e+01 
197 -1.137e+01 -1.253e+01 -1.239e+01 
198 -1.145e+01 -1.258e+01 -1.249e+01 (C) 
199 -1.144e+01 -1.232e+01 -1.235e+01 
Time take (h): 4.5779

Trial number: 10
Fields: ['fiducial']
lr: 0.0020346087143006484
wd: 0.0003965119926913243
dr: 0.40670713887110227
hidden: 7

Preparing datasets...
size_maps, size_sims, splits 21600 900 24
Found 1 channels
Reading data...
-1.332e+01 < F(all|orig) < 5.231e+01
-38.901 < F(all|norm) < 33.963
size_maps, size_sims, splits 1200 50 24
Found 1 channels
Reading data...
-1.332e+01 < F(all|orig) < 5.231e+01
-38.901 < F(all|norm) < 33.963
Channel 0 contains 9600 maps
-10.636 < F < 21.239

size_maps, size_sims, splits 1200 50 24
Found 1 channels
Reading data...
-1.332e+01 < F(all|orig) < 5.231e+01
-38.901 < F(all|norm) < 33.963
Channel 0 contains 9600 maps
-24.543 < F < 24.201

total number of parameters in the model = 11521592
Computing initial validation loss
Initial valid loss = 4.258e+00
000 9.371e+00 -6.456e+00 -6.143e+00 (C) 
001 -2.993e+00 -6.999e+00 -6.966e+00 (C) 
002 -6.101e+00 -7.353e+00 -7.216e+00 (C) 
003 -6.692e+00 -7.372e+00 -7.404e+00 (C) 
004 -7.848e+00 -8.405e+00 -8.111e+00 (C) 
005 -8.647e+00 -8.268e+00 -8.077e+00 
006 -9.144e+00 -9.586e+00 -9.190e+00 (C) 
007 -9.268e+00 -8.969e+00 -8.761e+00 
008 -8.981e+00 -8.861e+00 -8.822e+00 
009 -8.788e+00 -8.480e+00 -8.297e+00 
010 -8.776e+00 -6.629e+00 -6.074e+00 
011 -9.449e+00 -9.825e+00 -9.802e+00 (C) 
012 -1.013e+01 -1.025e+01 -1.020e+01 (C) 
013 -1.079e+01 -1.164e+01 -1.140e+01 (C) 
014 -1.109e+01 -7.784e+00 -7.595e+00 
015 -1.049e+01 -7.249e+00 -6.900e+00 
016 -9.932e+00 -9.131e+00 -9.003e+00 
017 -9.406e+00 -7.884e+00 -7.632e+00 
018 -1.014e+01 -6.890e+00 -6.937e+00 
019 -1.071e+01 -1.017e+01 -9.998e+00 
020 -1.128e+01 -1.217e+01 -1.219e+01 (C) 
021 -1.161e+01 -1.109e+01 -1.121e+01 
022 -1.114e+01 -1.044e+01 -1.072e+01 
023 -1.057e+01 -9.403e+00 -9.353e+00 
024 -1.023e+01 -8.903e+00 -9.165e+00 
025 -1.049e+01 -1.030e+01 -1.065e+01 
026 -1.100e+01 -1.079e+01 -1.074e+01 
027 -1.150e+01 -1.064e+01 -1.058e+01 
028 -1.186e+01 -8.519e+00 -8.552e+00 
029 -1.142e+01 -9.441e+00 -9.673e+00 
030 -1.092e+01 -1.022e+01 -1.025e+01 
031 -1.045e+01 -7.471e+00 -7.481e+00 
032 -1.077e+01 -9.338e+00 -9.272e+00 
033 -1.125e+01 -9.222e+00 -9.120e+00 
034 -1.178e+01 -1.148e+01 -1.163e+01 
035 -1.221e+01 -1.016e+01 -1.015e+01 
036 -1.177e+01 -9.748e+00 -9.745e+00 
037 -1.132e+01 -6.926e+00 -7.066e+00 
038 -1.093e+01 -7.295e+00 -7.235e+00 
039 -1.094e+01 -9.169e+00 -8.780e+00 
040 -1.151e+01 -9.192e+00 -9.144e+00 
041 -1.198e+01 -1.295e+01 -1.280e+01 (C) 
042 -1.241e+01 -9.284e+00 -9.189e+00 
043 -1.206e+01 -1.239e+01 -1.208e+01 
044 -1.152e+01 -8.195e+00 -8.178e+00 
045 -1.116e+01 -9.484e+00 -9.182e+00 
046 -1.117e+01 -9.357e+00 -9.762e+00 
047 -1.159e+01 -9.661e+00 -9.665e+00 
048 -1.207e+01 -1.274e+01 -1.260e+01 
049 -1.251e+01 -1.325e+01 -1.315e+01 (C) 
050 -1.229e+01 -1.171e+01 -1.175e+01 
051 -1.180e+01 -8.905e+00 -9.190e+00 
052 -1.141e+01 -9.924e+00 -1.029e+01 
053 -1.130e+01 -1.037e+01 -1.036e+01 
054 -1.171e+01 -1.261e+01 -1.260e+01 
055 -1.212e+01 -1.260e+01 -1.238e+01 
056 -1.263e+01 -1.099e+01 -1.097e+01 
057 -1.240e+01 -1.154e+01 -1.201e+01 
058 -1.198e+01 -1.080e+01 -1.095e+01 
059 -1.153e+01 -8.000e+00 -7.893e+00 
060 -1.142e+01 -1.076e+01 -1.103e+01 
061 -1.180e+01 -1.153e+01 -1.159e+01 
062 -1.221e+01 -9.218e+00 -9.624e+00 
063 -1.263e+01 -1.369e+01 -1.360e+01 (C) 
064 -1.257e+01 -1.062e+01 -1.060e+01 
065 -1.213e+01 -1.012e+01 -1.040e+01 
066 -1.171e+01 -1.002e+01 -9.619e+00 
067 -1.156e+01 -8.827e+00 -9.248e+00 
068 -1.190e+01 -9.702e+00 -9.574e+00 
069 -1.228e+01 -1.136e+01 -1.133e+01 
070 -1.269e+01 -1.359e+01 -1.353e+01 
071 -1.267e+01 -1.233e+01 -1.232e+01 
072 -1.229e+01 -8.724e+00 -8.853e+00 
073 -1.184e+01 -1.045e+01 -1.032e+01 
074 -1.166e+01 -1.044e+01 -1.030e+01 
075 -1.197e+01 -1.008e+01 -9.901e+00 
076 -1.237e+01 -1.078e+01 -1.070e+01 
077 -1.273e+01 -1.368e+01 -1.346e+01 
078 -1.279e+01 -1.065e+01 -1.088e+01 
079 -1.238e+01 -8.451e+00 -8.357e+00 
080 -1.203e+01 -9.880e+00 -9.926e+00 
081 -1.175e+01 -1.115e+01 -1.130e+01 
082 -1.211e+01 -1.077e+01 -1.038e+01 
083 -1.240e+01 -1.224e+01 -1.241e+01 
084 -1.282e+01 -1.317e+01 -1.300e+01 
085 -1.292e+01 -1.006e+01 -9.936e+00 
086 -1.252e+01 -9.958e+00 -1.010e+01 
087 -1.221e+01 -1.103e+01 -1.063e+01 
088 -1.185e+01 -9.577e+00 -1.025e+01 
089 -1.203e+01 -9.350e+00 -9.281e+00 
090 -1.241e+01 -9.993e+00 -9.748e+00 
091 -1.280e+01 -1.274e+01 -1.286e+01 
092 -1.300e+01 -1.343e+01 -1.307e+01 
093 -1.261e+01 -1.073e+01 -1.069e+01 
094 -1.228e+01 -1.161e+01 -1.151e+01 
095 -1.199e+01 -8.507e+00 -8.710e+00 
096 -1.220e+01 -1.047e+01 -1.092e+01 
097 -1.252e+01 -1.135e+01 -1.142e+01 
098 -1.292e+01 -1.267e+01 -1.267e+01 
099 -1.301e+01 -1.214e+01 -1.182e+01 
100 -1.277e+01 -9.239e+00 -9.057e+00 
101 -1.241e+01 -9.579e+00 -9.344e+00 
102 -1.216e+01 -8.085e+00 -8.002e+00 
103 -1.221e+01 -9.311e+00 -9.283e+00 
104 -1.257e+01 -1.133e+01 -1.106e+01 
105 -1.287e+01 -1.326e+01 -1.329e+01 
106 -1.318e+01 -1.309e+01 -1.289e+01 
107 -1.286e+01 -9.015e+00 -8.499e+00 
108 -1.255e+01 -1.014e+01 -9.902e+00 
109 -1.222e+01 -9.583e+00 -9.225e+00 
110 -1.228e+01 -1.218e+01 -1.236e+01 
111 -1.257e+01 -9.969e+00 -9.777e+00 
112 -1.295e+01 -1.290e+01 -1.283e+01 
113 -1.324e+01 -1.360e+01 -1.351e+01 
114 -1.295e+01 -9.852e+00 -9.761e+00 
115 -1.266e+01 -1.164e+01 -1.133e+01 
116 -1.230e+01 -9.764e+00 -9.784e+00 
117 -1.236e+01 -1.078e+01 -1.068e+01 
118 -1.259e+01 -1.095e+01 -1.096e+01 
119 -1.296e+01 -1.268e+01 -1.270e+01 
120 -1.319e+01 -1.355e+01 -1.318e+01 
121 -1.306e+01 -9.730e+00 -9.734e+00 
122 -1.276e+01 -8.829e+00 -8.959e+00 
123 -1.239e+01 -9.561e+00 -1.044e+01 
124 -1.238e+01 -1.086e+01 -1.067e+01 
125 -1.261e+01 -1.115e+01 -1.128e+01 
126 -1.295e+01 -1.282e+01 -1.263e+01 
127 -1.326e+01 -1.319e+01 -1.283e+01 
128 -1.312e+01 -1.190e+01 -1.150e+01 
129 -1.281e+01 -1.015e+01 -9.900e+00 
130 -1.252e+01 -1.212e+01 -1.164e+01 
131 -1.235e+01 -9.543e+00 -9.527e+00 
132 -1.271e+01 -1.136e+01 -1.131e+01 
133 -1.299e+01 -1.283e+01 -1.276e+01 
134 -1.333e+01 -1.252e+01 -1.266e+01 
135 -1.318e+01 -1.221e+01 -1.214e+01 
136 -1.295e+01 -1.026e+01 -1.028e+01 
137 -1.259e+01 -9.417e+00 -9.914e+00 
138 -1.244e+01 -1.089e+01 -1.157e+01 
139 -1.267e+01 -1.155e+01 -1.160e+01 
140 -1.300e+01 -1.260e+01 -1.244e+01 
141 -1.335e+01 -1.379e+01 -1.371e+01 (C) 
142 -1.328e+01 -1.140e+01 -1.133e+01 
143 -1.294e+01 -9.984e+00 -1.017e+01 
144 -1.262e+01 -1.084e+01 -1.134e+01 
145 -1.249e+01 -9.900e+00 -1.018e+01 
146 -1.273e+01 -1.124e+01 -1.111e+01 
147 -1.301e+01 -1.239e+01 -1.208e+01 
148 -1.334e+01 -1.374e+01 -1.373e+01 
149 -1.337e+01 -1.180e+01 -1.156e+01 
150 -1.302e+01 -1.056e+01 -1.063e+01 
151 -1.268e+01 -1.057e+01 -1.028e+01 
152 -1.257e+01 -1.186e+01 -1.208e+01 
153 -1.278e+01 -1.050e+01 -1.024e+01 
154 -1.305e+01 -1.123e+01 -1.126e+01 
155 -1.341e+01 -1.371e+01 -1.363e+01 
156 -1.344e+01 -9.542e+00 -9.117e+00 
157 -1.312e+01 -1.139e+01 -1.128e+01 
158 -1.274e+01 -8.265e+00 -8.127e+00 
159 -1.250e+01 -1.032e+01 -1.062e+01 
160 -1.276e+01 -1.056e+01 -1.001e+01 
161 -1.313e+01 -1.039e+01 -1.037e+01 
162 -1.340e+01 -1.338e+01 -1.341e+01 
163 -1.352e+01 -1.148e+01 -1.148e+01 
164 -1.319e+01 -1.248e+01 -1.248e+01 
165 -1.290e+01 -9.023e+00 -8.630e+00 
166 -1.260e+01 -9.394e+00 -9.355e+00 
167 -1.272e+01 -1.019e+01 -1.008e+01 
168 -1.307e+01 -1.046e+01 -1.021e+01 
169 -1.340e+01 -1.309e+01 -1.257e+01 
170 -1.353e+01 -1.242e+01 -1.214e+01 
171 -1.328e+01 -1.246e+01 -1.262e+01 
172 -1.289e+01 -1.119e+01 -1.085e+01 
173 -1.270e+01 -8.898e+00 -8.985e+00 
174 -1.273e+01 -1.160e+01 -1.103e+01 
175 -1.309e+01 -8.877e+00 -8.906e+00 
176 -1.339e+01 -1.335e+01 -1.301e+01 
177 -1.360e+01 -1.344e+01 -1.291e+01 
178 -1.335e+01 -1.121e+01 -1.124e+01 
179 -1.308e+01 -1.281e+01 -1.224e+01 
180 -1.276e+01 -1.007e+01 -9.474e+00 
181 -1.280e+01 -1.049e+01 -1.038e+01 
182 -1.316e+01 -1.289e+01 -1.276e+01 
183 -1.340e+01 -1.270e+01 -1.288e+01 
184 -1.360e+01 -1.279e+01 -1.248e+01 
185 -1.344e+01 -1.063e+01 -1.080e+01 
186 -1.311e+01 -1.183e+01 -1.152e+01 
187 -1.277e+01 -8.811e+00 -8.785e+00 
188 -1.280e+01 -1.076e+01 -1.099e+01 
189 -1.307e+01 -1.062e+01 -1.063e+01 
190 -1.335e+01 -1.357e+01 -1.342e+01 
191 -1.372e+01 -1.292e+01 -1.315e+01 
192 -1.354e+01 -1.248e+01 -1.235e+01 
193 -1.318e+01 -9.811e+00 -9.766e+00 
194 -1.286e+01 -9.536e+00 -9.191e+00 
195 -1.284e+01 -9.278e+00 -9.205e+00 
196 -1.315e+01 -1.253e+01 -1.229e+01 
197 -1.343e+01 -1.295e+01 -1.312e+01 
198 -1.374e+01 -1.305e+01 -1.300e+01 
199 -1.357e+01 -1.266e+01 -1.229e+01 
Time take (h): 4.9946

Trial number: 18
Fields: ['fiducial']
lr: 0.0007003432363323516
wd: 0.0054599150983172485
dr: 0.5967562003168208
hidden: 12

Preparing datasets...
size_maps, size_sims, splits 21600 900 24
Found 1 channels
Reading data...
-1.332e+01 < F(all|orig) < 5.231e+01
-38.901 < F(all|norm) < 33.963
size_maps, size_sims, splits 1200 50 24
Found 1 channels
Reading data...
-1.332e+01 < F(all|orig) < 5.231e+01
-38.901 < F(all|norm) < 33.963
Channel 0 contains 9600 maps
-10.636 < F < 21.239

size_maps, size_sims, splits 1200 50 24
Found 1 channels
Reading data...
-1.332e+01 < F(all|orig) < 5.231e+01
-38.901 < F(all|norm) < 33.963
Channel 0 contains 9600 maps
-24.543 < F < 24.201

total number of parameters in the model = 33839052
Computing initial validation loss
Initial valid loss = 6.298e+00
000 1.386e+01 -4.797e-01 1.580e-01 (C) 
001 8.178e+00 -6.914e+00 -6.907e+00 (C) 
002 1.046e+00 -7.199e+00 -7.121e+00 (C) 
003 -3.052e+00 -7.236e+00 -7.198e+00 (C) 
004 -6.738e+00 -7.270e+00 -7.380e+00 (C) 
005 -7.139e+00 -7.561e+00 -7.533e+00 (C) 
006 -7.607e+00 -7.882e+00 -7.833e+00 (C) 
007 -7.762e+00 -7.923e+00 -7.947e+00 (C) 
008 -7.845e+00 -8.091e+00 -8.107e+00 (C) 
009 -7.891e+00 -7.792e+00 -7.776e+00 
010 -7.979e+00 -8.585e+00 -8.579e+00 (C) 
011 -8.370e+00 -8.770e+00 -8.491e+00 (C) 
012 -8.851e+00 -8.736e+00 -8.463e+00 
013 -9.154e+00 -9.488e+00 -9.086e+00 (C) 
014 -9.292e+00 -9.623e+00 -9.222e+00 (C) 
015 -9.150e+00 -9.240e+00 -8.878e+00 
016 -9.085e+00 -8.845e+00 -8.773e+00 
017 -8.959e+00 -8.501e+00 -8.743e+00 
018 -9.404e+00 -9.914e+00 -9.864e+00 (C) 
019 -9.928e+00 -1.006e+01 -1.003e+01 (C) 
020 -1.047e+01 -1.104e+01 -1.098e+01 (C) 
021 -1.078e+01 -1.077e+01 -1.092e+01 
022 -1.043e+01 -9.213e+00 -9.337e+00 
023 -9.995e+00 -9.258e+00 -8.915e+00 
024 -9.567e+00 -8.995e+00 -8.945e+00 
025 -9.886e+00 -8.914e+00 -9.144e+00 
026 -1.036e+01 -1.117e+01 -1.104e+01 (C) 
027 -1.083e+01 -1.157e+01 -1.127e+01 (C) 
028 -1.117e+01 -1.101e+01 -1.093e+01 
029 -1.084e+01 -8.865e+00 -8.776e+00 
030 -1.036e+01 -9.487e+00 -9.625e+00 
031 -1.003e+01 -9.332e+00 -9.541e+00 
032 -1.008e+01 -8.421e+00 -8.788e+00 
033 -1.062e+01 -9.554e+00 -9.897e+00 
034 -1.122e+01 -1.139e+01 -1.134e+01 
035 -1.163e+01 -1.183e+01 -1.159e+01 (C) 
036 -1.134e+01 -1.067e+01 -1.061e+01 
037 -1.082e+01 -1.017e+01 -9.939e+00 
038 -1.041e+01 -9.851e+00 -9.026e+00 
039 -1.048e+01 -8.739e+00 -9.135e+00 
040 -1.097e+01 -1.065e+01 -1.126e+01 
041 -1.151e+01 -1.151e+01 -1.149e+01 
042 -1.190e+01 -1.197e+01 -1.201e+01 (C) 
043 -1.164e+01 -1.000e+01 -1.000e+01 
044 -1.117e+01 -9.409e+00 -9.607e+00 
045 -1.074e+01 -8.899e+00 -8.798e+00 
046 -1.056e+01 -1.052e+01 -1.073e+01 
047 -1.116e+01 -9.908e+00 -9.810e+00 
048 -1.164e+01 -1.236e+01 -1.250e+01 (C) 
049 -1.207e+01 -1.217e+01 -1.212e+01 
050 -1.188e+01 -1.008e+01 -1.016e+01 
051 -1.139e+01 -1.084e+01 -1.067e+01 
052 -1.092e+01 -8.309e+00 -8.447e+00 
053 -1.094e+01 -9.116e+00 -8.870e+00 
054 -1.130e+01 -1.067e+01 -1.048e+01 
055 -1.179e+01 -1.130e+01 -1.105e+01 
056 -1.217e+01 -1.277e+01 -1.277e+01 (C) 
057 -1.206e+01 -9.700e+00 -9.797e+00 
058 -1.165e+01 -9.550e+00 -9.315e+00 
059 -1.122e+01 -1.101e+01 -1.092e+01 
060 -1.098e+01 -9.182e+00 -9.126e+00 
061 -1.143e+01 -9.845e+00 -9.819e+00 
062 -1.182e+01 -1.000e+01 -1.008e+01 
063 -1.225e+01 -1.282e+01 -1.282e+01 (C) 
064 -1.221e+01 -1.032e+01 -1.048e+01 
065 -1.177e+01 -1.011e+01 -9.799e+00 
066 -1.142e+01 -9.163e+00 -9.302e+00 
067 -1.125e+01 -1.118e+01 -1.150e+01 
068 -1.152e+01 -8.955e+00 -9.279e+00 
069 -1.189e+01 -1.187e+01 -1.189e+01 
070 -1.233e+01 -1.328e+01 -1.339e+01 (C) 
071 -1.234e+01 -1.179e+01 -1.169e+01 
072 -1.195e+01 -9.643e+00 -1.023e+01 
073 -1.155e+01 -7.931e+00 -8.025e+00 
074 -1.127e+01 -7.867e+00 -7.388e+00 
075 -1.161e+01 -1.064e+01 -1.095e+01 
076 -1.200e+01 -1.233e+01 -1.234e+01 
077 -1.232e+01 -1.324e+01 -1.316e+01 
078 -1.246e+01 -1.160e+01 -1.153e+01 
079 -1.206e+01 -9.884e+00 -1.044e+01 
080 -1.170e+01 -8.827e+00 -9.229e+00 
081 -1.143e+01 -1.122e+01 -1.135e+01 
082 -1.162e+01 -8.421e+00 -8.081e+00 
083 -1.200e+01 -9.455e+00 -9.885e+00 
084 -1.238e+01 -1.309e+01 -1.329e+01 
085 -1.249e+01 -1.128e+01 -1.131e+01 
086 -1.220e+01 -1.195e+01 -1.176e+01 
087 -1.183e+01 -1.164e+01 -1.114e+01 
088 -1.157e+01 -6.691e+00 -6.689e+00 
089 -1.179e+01 -1.204e+01 -1.200e+01 
090 -1.208e+01 -1.049e+01 -1.009e+01 
091 -1.246e+01 -1.323e+01 -1.318e+01 
092 -1.261e+01 -1.176e+01 -1.161e+01 
093 -1.232e+01 -1.073e+01 -1.102e+01 
094 -1.199e+01 -8.279e+00 -8.605e+00 
095 -1.168e+01 -7.851e+00 -7.737e+00 
096 -1.176e+01 -8.132e+00 -8.094e+00 
097 -1.209e+01 -1.088e+01 -1.144e+01 
098 -1.246e+01 -1.274e+01 -1.267e+01 
099 -1.265e+01 -1.158e+01 -1.132e+01 
100 -1.240e+01 -1.169e+01 -1.159e+01 
101 -1.205e+01 -8.077e+00 -7.868e+00 
102 -1.173e+01 -1.041e+01 -1.076e+01 
103 -1.189e+01 -9.785e+00 -9.628e+00 
104 -1.213e+01 -1.071e+01 -1.058e+01 
105 -1.250e+01 -1.227e+01 -1.209e+01 
106 -1.273e+01 -1.198e+01 -1.160e+01 
107 -1.251e+01 -1.125e+01 -1.144e+01 
108 -1.215e+01 -7.448e+00 -7.402e+00 
109 -1.184e+01 -8.705e+00 -8.489e+00 
110 -1.191e+01 -1.039e+01 -1.004e+01 
111 -1.224e+01 -1.068e+01 -1.104e+01 
112 -1.253e+01 -1.259e+01 -1.243e+01 
113 -1.282e+01 -1.009e+01 -1.004e+01 
114 -1.265e+01 -9.576e+00 -9.402e+00 
115 -1.232e+01 -9.877e+00 -1.019e+01 
116 -1.196e+01 -1.028e+01 -9.918e+00 
117 -1.197e+01 -1.198e+01 -1.160e+01 
118 -1.222e+01 -7.832e+00 -7.889e+00 
119 -1.260e+01 -1.305e+01 -1.311e+01 
120 -1.285e+01 -1.305e+01 -1.313e+01 
121 -1.269e+01 -1.040e+01 -1.017e+01 
122 -1.237e+01 -9.886e+00 -9.692e+00 
123 -1.210e+01 -1.061e+01 -1.083e+01 
124 -1.202e+01 -1.016e+01 -1.010e+01 
125 -1.230e+01 -1.243e+01 -1.217e+01 
126 -1.266e+01 -1.089e+01 -1.084e+01 
127 -1.287e+01 -1.242e+01 -1.237e+01 
128 -1.280e+01 -1.052e+01 -1.024e+01 
129 -1.248e+01 -1.004e+01 -9.898e+00 
130 -1.218e+01 -8.733e+00 -8.568e+00 
131 -1.205e+01 -9.560e+00 -9.542e+00 
132 -1.225e+01 -1.173e+01 -1.164e+01 
133 -1.265e+01 -1.261e+01 -1.259e+01 
134 -1.296e+01 -1.347e+01 -1.360e+01 (C) 
135 -1.286e+01 -1.188e+01 -1.181e+01 
136 -1.260e+01 -8.631e+00 -8.760e+00 
137 -1.219e+01 -1.079e+01 -1.059e+01 
138 -1.212e+01 -1.074e+01 -1.099e+01 
139 -1.236e+01 -1.018e+01 -1.017e+01 
140 -1.266e+01 -1.169e+01 -1.159e+01 
141 -1.297e+01 -1.311e+01 -1.296e+01 
142 -1.294e+01 -1.165e+01 -1.179e+01 
143 -1.259e+01 -9.565e+00 -9.305e+00 
144 -1.237e+01 -9.050e+00 -9.040e+00 
145 -1.210e+01 -9.386e+00 -9.611e+00 
146 -1.236e+01 -1.090e+01 -1.093e+01 
147 -1.269e+01 -1.222e+01 -1.228e+01 
148 -1.298e+01 -1.354e+01 -1.342e+01 (C) 
149 -1.303e+01 -1.047e+01 -1.025e+01 
150 -1.269e+01 -8.780e+00 -8.832e+00 
151 -1.246e+01 -8.966e+00 -9.032e+00 
152 -1.223e+01 -1.024e+01 -1.066e+01 
153 -1.241e+01 -1.227e+01 -1.222e+01 
154 -1.275e+01 -1.321e+01 -1.279e+01 
155 -1.301e+01 -1.327e+01 -1.309e+01 
156 -1.308e+01 -1.177e+01 -1.185e+01 
157 -1.282e+01 -1.163e+01 -1.112e+01 
158 -1.252e+01 -1.043e+01 -1.007e+01 
159 -1.230e+01 -1.136e+01 -1.117e+01 
160 -1.242e+01 -1.119e+01 -1.122e+01 
161 -1.273e+01 -1.232e+01 -1.234e+01 
162 -1.306e+01 -1.351e+01 -1.322e+01 
163 -1.312e+01 -1.043e+01 -1.033e+01 
164 -1.293e+01 -7.949e+00 -7.929e+00 
165 -1.259e+01 -7.871e+00 -7.649e+00 
166 -1.231e+01 -1.002e+01 -1.002e+01 
167 -1.248e+01 -9.402e+00 -9.109e+00 
168 -1.274e+01 -1.236e+01 -1.194e+01 
169 -1.300e+01 -1.233e+01 -1.210e+01 
170 -1.320e+01 -1.226e+01 -1.247e+01 
171 -1.296e+01 -9.676e+00 -9.653e+00 
172 -1.266e+01 -1.184e+01 -1.163e+01 
173 -1.244e+01 -9.548e+00 -9.746e+00 
174 -1.245e+01 -1.034e+01 -1.057e+01 
175 -1.274e+01 -1.118e+01 -1.116e+01 
176 -1.306e+01 -1.265e+01 -1.260e+01 
177 -1.327e+01 -1.260e+01 -1.250e+01 
178 -1.302e+01 -1.093e+01 -1.049e+01 
179 -1.275e+01 -8.338e+00 -8.242e+00 
180 -1.239e+01 -9.186e+00 -8.920e+00 
181 -1.253e+01 -8.450e+00 -8.399e+00 
182 -1.277e+01 -9.371e+00 -9.346e+00 
183 -1.310e+01 -1.270e+01 -1.259e+01 
184 -1.331e+01 -1.302e+01 -1.289e+01 
185 -1.315e+01 -1.072e+01 -1.115e+01 
186 -1.284e+01 -1.140e+01 -1.098e+01 
187 -1.252e+01 -9.448e+00 -8.967e+00 
188 -1.250e+01 -1.045e+01 -1.047e+01 
189 -1.278e+01 -9.648e+00 -9.329e+00 
190 -1.306e+01 -1.274e+01 -1.255e+01 
191 -1.334e+01 -1.130e+01 -1.112e+01 
192 -1.322e+01 -1.286e+01 -1.269e+01 
193 -1.289e+01 -8.603e+00 -8.287e+00 
194 -1.261e+01 -1.136e+01 -1.186e+01 
195 -1.254e+01 -1.176e+01 -1.170e+01 
196 -1.282e+01 -9.158e+00 -8.987e+00 
197 -1.312e+01 -1.332e+01 -1.302e+01 
198 -1.335e+01 -1.330e+01 -1.298e+01 
199 -1.326e+01 -1.331e+01 -1.305e+01 
Time take (h): 6.7742

Trial number: 27
Fields: ['fiducial']
lr: 0.0036469564147091323
wd: 1.909546654584131e-06
dr: 0.2959130860630515
hidden: 10

Preparing datasets...
size_maps, size_sims, splits 21600 900 24
Found 1 channels
Reading data...
-1.332e+01 < F(all|orig) < 5.231e+01
-38.901 < F(all|norm) < 33.963
size_maps, size_sims, splits 1200 50 24
Found 1 channels
Reading data...
-1.332e+01 < F(all|orig) < 5.231e+01
-38.901 < F(all|norm) < 33.963
Channel 0 contains 9600 maps
-10.636 < F < 21.239

size_maps, size_sims, splits 1200 50 24
Found 1 channels
Reading data...
-1.332e+01 < F(all|orig) < 5.231e+01
-38.901 < F(all|norm) < 33.963
Channel 0 contains 9600 maps
-24.543 < F < 24.201

total number of parameters in the model = 23503292
Computing initial validation loss
Initial valid loss = 4.579e+00
000 6.904e+00 -4.179e+00 -3.900e+00 (C) 
001 -6.956e-01 -6.476e+00 -6.533e+00 (C) 
002 -4.929e+00 -4.322e+00 -4.685e+00 
003 -6.490e+00 -7.067e+00 -7.294e+00 (C) 
004 -8.185e+00 -7.676e+00 -8.131e+00 (C) 
005 -9.428e+00 -9.512e+00 -9.299e+00 (C) 
006 -1.056e+01 -1.146e+01 -1.142e+01 (C) 
007 -1.083e+01 -8.934e+00 -8.700e+00 
008 -9.553e+00 -7.505e+00 -7.612e+00 
009 -8.559e+00 -7.336e+00 -7.349e+00 
010 -5.449e+00 -8.863e+00 -8.852e+00 
011 -9.460e+00 -8.780e+00 -9.092e+00 
012 -1.045e+01 -8.396e+00 -8.293e+00 
013 -1.120e+01 -1.194e+01 -1.161e+01 (C) 
014 -1.152e+01 -9.326e+00 -9.357e+00 
015 -1.070e+01 -9.360e+00 -9.134e+00 
016 -1.004e+01 -7.835e+00 -8.178e+00 
017 -9.297e+00 -7.783e+00 -7.721e+00 
018 -1.009e+01 -1.010e+01 -1.024e+01 
