CUDA Available
starting
['/shares/stadel.ics.mnf.uzh/aobulj/hifi_mocks_Paco_noise/maps_1000_kmax2D_0.20.npy']

Trial number: 19
Fields: ['fiducial']
lr: 0.001136717984206675
wd: 2.4718425625582063e-08
dr: 0.07397495151854587
hidden: 9

Preparing datasets...
size_maps, size_sims, splits 21600 900 24
Found 1 channels
Reading data...
-2.392e+00 < F(all|orig) < 1.110e+01
-11.316 < F(all|norm) < 17.568
size_maps, size_sims, splits 1200 50 24
Found 1 channels
Reading data...
-2.392e+00 < F(all|orig) < 1.110e+01
-11.316 < F(all|norm) < 17.568
Channel 0 contains 9600 maps
-6.746 < F < 10.729

size_maps, size_sims, splits 1200 50 24
Found 1 channels
Reading data...
-2.392e+00 < F(all|orig) < 1.110e+01
-11.316 < F(all|norm) < 17.568
Channel 0 contains 9600 maps
-9.752 < F < 14.721

total number of parameters in the model = 19039800
Computing initial validation loss
Initial valid loss = 1.283e+01
000 5.002e+00 -4.969e+00 -4.252e+00 (C) 
001 -3.979e+00 -6.252e+00 -6.285e+00 (C) 
002 -5.903e+00 -8.023e+00 -8.081e+00 (C) 
003 -5.948e+00 -7.695e+00 -7.876e+00 
004 -8.061e+00 -8.722e+00 -8.508e+00 (C) 
005 -8.887e+00 -9.549e+00 -9.441e+00 (C) 
006 -9.557e+00 -1.033e+01 -9.896e+00 (C) 
007 -9.668e+00 -9.623e+00 -9.237e+00 
008 -8.892e+00 -8.795e+00 -8.958e+00 
009 -8.199e+00 -8.579e+00 -8.460e+00 
010 -8.248e+00 -8.450e+00 -8.327e+00 
011 -9.149e+00 -9.077e+00 -8.628e+00 
012 -9.573e+00 -1.033e+01 -9.885e+00 
013 -9.998e+00 -1.059e+01 -1.010e+01 (C) 
014 -1.011e+01 -1.040e+01 -1.004e+01 
015 -9.775e+00 -9.286e+00 -8.866e+00 
016 -9.279e+00 -8.043e+00 -7.506e+00 
017 -8.864e+00 -8.302e+00 -6.972e+00 
018 -9.226e+00 -9.772e+00 -9.518e+00 
019 -9.858e+00 -1.050e+01 -9.858e+00 
020 -1.017e+01 -1.062e+01 -1.018e+01 (C) 
021 -1.033e+01 -9.895e+00 -1.006e+01 
022 -1.008e+01 -9.588e+00 -9.112e+00 
023 -9.594e+00 -8.711e+00 -8.436e+00 
024 -9.346e+00 -8.919e+00 -8.271e+00 
025 -9.579e+00 -8.783e+00 -9.004e+00 
026 -1.000e+01 -9.764e+00 -9.687e+00 
027 -1.032e+01 -1.066e+01 -1.023e+01 (C) 
028 -1.047e+01 -1.000e+01 -9.724e+00 
029 -1.026e+01 -8.468e+00 -8.227e+00 
030 -9.950e+00 -9.187e+00 -8.502e+00 
031 -9.523e+00 -8.659e+00 -8.473e+00 
032 -9.770e+00 -1.008e+01 -1.006e+01 
033 -1.016e+01 -1.027e+01 -9.884e+00 
034 -1.043e+01 -1.022e+01 -9.855e+00 
035 -1.065e+01 -1.027e+01 -1.000e+01 
036 -1.047e+01 -9.472e+00 -8.805e+00 
037 -1.021e+01 -8.531e+00 -8.036e+00 
038 -9.699e+00 -7.264e+00 -7.079e+00 
039 -1.002e+01 -7.878e+00 -8.011e+00 
040 -1.044e+01 -9.685e+00 -9.441e+00 
041 -1.075e+01 -1.068e+01 -1.034e+01 (C) 
042 -1.102e+01 -1.080e+01 -1.025e+01 (C) 
043 -1.078e+01 -9.340e+00 -8.716e+00 
044 -1.047e+01 -8.308e+00 -7.868e+00 
045 -1.015e+01 -8.909e+00 -8.873e+00 
046 -1.015e+01 -9.805e+00 -9.307e+00 
047 -1.056e+01 -9.790e+00 -9.095e+00 
048 -1.082e+01 -1.087e+01 -1.017e+01 (C) 
049 -1.110e+01 -1.092e+01 -1.029e+01 (C) 
050 -1.097e+01 -1.010e+01 -9.501e+00 
051 -1.066e+01 -9.725e+00 -9.132e+00 
052 -1.031e+01 -9.858e+00 -9.026e+00 
053 -8.694e+00 -1.022e+01 -9.799e+00 
054 -1.064e+01 -9.900e+00 -9.597e+00 
055 -1.093e+01 -1.057e+01 -9.967e+00 
056 -1.118e+01 -1.120e+01 -1.048e+01 (C) 
057 -1.109e+01 -9.507e+00 -8.918e+00 
058 -1.082e+01 -8.534e+00 -8.375e+00 
059 -1.050e+01 -7.854e+00 -7.307e+00 
060 -1.043e+01 -7.783e+00 -7.389e+00 
061 -1.075e+01 -8.877e+00 -8.627e+00 
062 -1.098e+01 -1.048e+01 -9.915e+00 
063 -1.128e+01 -1.118e+01 -1.048e+01 
064 -1.123e+01 -9.422e+00 -8.907e+00 
065 -1.094e+01 -9.629e+00 -9.222e+00 
066 -6.312e+00 -7.073e+00 -6.151e+00 
067 -1.002e+01 -9.023e+00 -8.354e+00 
068 -1.079e+01 -9.970e+00 -9.579e+00 
069 -1.108e+01 -9.547e+00 -9.374e+00 
070 -1.131e+01 -1.113e+01 -1.054e+01 
071 -1.131e+01 -1.011e+01 -9.480e+00 
072 -1.106e+01 -9.814e+00 -9.313e+00 
073 -1.079e+01 -7.487e+00 -7.134e+00 
074 -1.067e+01 -8.111e+00 -8.036e+00 
075 -1.089e+01 -1.030e+01 -9.529e+00 
076 -1.113e+01 -1.014e+01 -9.536e+00 
077 -1.139e+01 -1.112e+01 -1.052e+01 
078 -1.146e+01 -1.039e+01 -9.721e+00 
079 -1.124e+01 -9.373e+00 -8.809e+00 
080 -1.090e+01 -8.351e+00 -7.709e+00 
081 -1.073e+01 -8.560e+00 -7.780e+00 
082 -1.096e+01 -9.082e+00 -8.352e+00 
083 -1.122e+01 -1.019e+01 -9.659e+00 
084 -1.145e+01 -1.084e+01 -1.036e+01 
085 -1.158e+01 -9.844e+00 -9.335e+00 
086 -1.135e+01 -9.981e+00 -9.590e+00 
087 -1.108e+01 -8.423e+00 -8.366e+00 
088 -7.229e+00 -7.953e+00 -7.530e+00 
089 -1.100e+01 -1.033e+01 -1.006e+01 
090 -1.128e+01 -1.047e+01 -9.990e+00 
091 -1.155e+01 -1.104e+01 -1.051e+01 
092 -1.169e+01 -9.993e+00 -9.732e+00 
093 -1.147e+01 -9.992e+00 -9.336e+00 
094 -1.123e+01 -1.035e+01 -9.599e+00 
095 -1.101e+01 -9.186e+00 -8.954e+00 
096 -1.111e+01 -8.305e+00 -8.245e+00 
097 -1.138e+01 -1.014e+01 -9.133e+00 
098 -1.166e+01 -1.092e+01 -1.026e+01 
099 -1.181e+01 -1.100e+01 -1.036e+01 
100 -1.158e+01 -8.480e+00 -7.906e+00 
101 -1.136e+01 -7.898e+00 -7.311e+00 
102 -1.111e+01 -8.855e+00 -8.473e+00 
103 -1.119e+01 -8.974e+00 -8.678e+00 
104 -1.145e+01 -9.788e+00 -9.211e+00 
105 -1.172e+01 -1.080e+01 -1.047e+01 
106 -1.198e+01 -1.057e+01 -1.032e+01 
107 -1.174e+01 -1.011e+01 -9.817e+00 
108 -1.148e+01 -9.526e+00 -9.402e+00 
109 -1.124e+01 -9.241e+00 -8.452e+00 
110 -1.124e+01 -1.030e+01 -9.724e+00 
111 -1.151e+01 -9.603e+00 -9.460e+00 
112 -1.177e+01 -9.895e+00 -9.366e+00 
113 -1.202e+01 -1.073e+01 -1.007e+01 
114 -1.189e+01 -1.001e+01 -9.730e+00 
115 -1.161e+01 -1.005e+01 -9.269e+00 
116 -1.131e+01 -8.274e+00 -7.809e+00 
117 -1.131e+01 -8.463e+00 -8.128e+00 
118 -1.161e+01 -9.835e+00 -9.326e+00 
119 -1.187e+01 -1.067e+01 -1.008e+01 
120 -1.216e+01 -1.066e+01 -1.023e+01 
121 -1.203e+01 -9.287e+00 -9.212e+00 
122 -1.173e+01 -9.604e+00 -9.178e+00 
123 -1.146e+01 -8.777e+00 -8.437e+00 
124 -1.144e+01 -9.122e+00 -9.086e+00 
125 -1.170e+01 -9.694e+00 -9.279e+00 
126 -1.198e+01 -1.039e+01 -9.936e+00 
127 -1.224e+01 -1.074e+01 -1.032e+01 
128 -1.215e+01 -1.037e+01 -9.530e+00 
129 -1.181e+01 -9.337e+00 -9.128e+00 
130 -1.034e+01 -7.636e+00 -7.552e+00 
131 -1.138e+01 -9.805e+00 -9.125e+00 
132 -1.173e+01 -1.020e+01 -9.903e+00 
133 -1.204e+01 -1.032e+01 -9.522e+00 
134 -1.232e+01 -1.082e+01 -1.018e+01 
135 -1.232e+01 -9.512e+00 -9.325e+00 
136 -1.200e+01 -8.050e+00 -7.327e+00 
137 -1.177e+01 -8.684e+00 -8.304e+00 
138 -1.158e+01 -8.911e+00 -9.108e+00 
139 -1.181e+01 -9.114e+00 -8.971e+00 
140 -1.210e+01 -1.015e+01 -9.487e+00 
141 -1.241e+01 -1.083e+01 -1.030e+01 
142 -1.242e+01 -1.028e+01 -9.877e+00 
143 -1.219e+01 -8.607e+00 -8.520e+00 
144 -1.189e+01 -7.827e+00 -7.780e+00 
145 -1.166e+01 -9.250e+00 -9.129e+00 
146 -1.189e+01 -9.188e+00 -8.836e+00 
147 -1.219e+01 -1.011e+01 -9.924e+00 
148 -1.252e+01 -1.076e+01 -1.031e+01 
149 -1.251e+01 -1.025e+01 -9.720e+00 
150 -1.226e+01 -9.554e+00 -9.230e+00 
151 -1.201e+01 -9.443e+00 -8.992e+00 
152 -1.177e+01 -9.894e+00 -9.525e+00 
153 -1.198e+01 -9.815e+00 -9.069e+00 
154 -1.223e+01 -1.037e+01 -9.717e+00 
155 -1.260e+01 -1.071e+01 -1.021e+01 
156 -1.268e+01 -9.856e+00 -9.784e+00 
157 -1.240e+01 -9.568e+00 -8.774e+00 
158 -1.206e+01 -8.738e+00 -8.601e+00 
159 -1.184e+01 -8.448e+00 -7.818e+00 
160 -1.201e+01 -8.667e+00 -8.268e+00 
161 -1.231e+01 -1.031e+01 -9.823e+00 
162 -1.262e+01 -1.061e+01 -1.023e+01 
163 -1.284e+01 -1.055e+01 -1.016e+01 
164 -1.256e+01 -9.430e+00 -8.918e+00 
165 -1.220e+01 -1.003e+01 -9.408e+00 
166 -1.195e+01 -1.029e+01 -9.610e+00 
167 -1.205e+01 -9.131e+00 -8.562e+00 
168 -1.238e+01 -9.180e+00 -8.978e+00 
169 -1.275e+01 -1.059e+01 -1.005e+01 
170 -1.290e+01 -1.003e+01 -9.571e+00 
171 -1.264e+01 -9.805e+00 -9.598e+00 
172 -1.237e+01 -9.299e+00 -8.828e+00 
173 -1.201e+01 -8.830e+00 -8.857e+00 
174 -1.214e+01 -1.008e+01 -9.685e+00 
175 -1.246e+01 -9.630e+00 -9.261e+00 
176 -1.281e+01 -1.035e+01 -9.677e+00 
177 -1.299e+01 -1.030e+01 -9.915e+00 
178 -1.278e+01 -9.446e+00 -8.825e+00 
179 -1.248e+01 -9.150e+00 -8.786e+00 
180 -1.218e+01 -7.982e+00 -7.577e+00 
181 -1.221e+01 -9.429e+00 -9.035e+00 
182 -1.250e+01 -9.665e+00 -9.281e+00 
183 -1.284e+01 -1.051e+01 -1.021e+01 
184 -1.313e+01 -1.005e+01 -9.589e+00 
185 -1.294e+01 -9.635e+00 -9.787e+00 
186 -1.262e+01 -9.579e+00 -9.364e+00 
187 -1.225e+01 -8.319e+00 -8.387e+00 
188 -1.224e+01 -9.960e+00 -9.880e+00 
189 -1.254e+01 -1.024e+01 -9.762e+00 
190 -1.288e+01 -9.993e+00 -9.558e+00 
191 -1.325e+01 -1.043e+01 -9.995e+00 
192 -1.299e+01 -9.741e+00 -8.844e+00 
193 -1.274e+01 -9.734e+00 -9.297e+00 
194 -1.242e+01 -7.806e+00 -7.765e+00 
195 -1.231e+01 -8.910e+00 -9.050e+00 
196 -1.261e+01 -9.535e+00 -9.631e+00 
197 -1.298e+01 -1.039e+01 -9.869e+00 
198 -1.325e+01 -1.021e+01 -9.857e+00 
199 -1.314e+01 -9.306e+00 -9.080e+00 
Time take (h): 5.8205

Trial number: 33
Fields: ['fiducial']
lr: 0.0007184349874357857
wd: 2.2208081638211702e-05
dr: 0.7438919700135722
hidden: 7

Preparing datasets...
size_maps, size_sims, splits 21600 900 24
Found 1 channels
Reading data...
-2.392e+00 < F(all|orig) < 1.110e+01
-11.316 < F(all|norm) < 17.568
size_maps, size_sims, splits 1200 50 24
Found 1 channels
Reading data...
-2.392e+00 < F(all|orig) < 1.110e+01
-11.316 < F(all|norm) < 17.568
Channel 0 contains 9600 maps
-6.746 < F < 10.729

size_maps, size_sims, splits 1200 50 24
Found 1 channels
Reading data...
-2.392e+00 < F(all|orig) < 1.110e+01
-11.316 < F(all|norm) < 17.568
Channel 0 contains 9600 maps
-9.752 < F < 14.721

total number of parameters in the model = 11521592
Computing initial validation loss
Initial valid loss = 6.573e+00
000 1.928e+01 -5.156e-01 1.682e+00 (C) 
001 1.654e+01 -4.125e+00 -4.093e+00 (C) 
002 8.449e+00 -7.257e+00 -7.024e+00 (C) 
003 1.839e+00 -7.293e+00 -7.045e+00 (C) 
004 -4.347e+00 -7.331e+00 -7.061e+00 (C) 
005 -6.965e+00 -7.368e+00 -7.129e+00 (C) 
006 -7.183e+00 -7.420e+00 -7.171e+00 (C) 
007 -7.241e+00 -7.411e+00 -7.125e+00 
008 -7.232e+00 -7.402e+00 -7.173e+00 
009 -7.216e+00 -7.440e+00 -7.205e+00 (C) 
010 -7.259e+00 -7.674e+00 -7.605e+00 (C) 
011 -7.522e+00 -7.912e+00 -7.633e+00 (C) 
012 -7.793e+00 -8.040e+00 -7.841e+00 (C) 
013 -7.975e+00 -8.117e+00 -7.915e+00 (C) 
014 -8.049e+00 -8.091e+00 -7.910e+00 
015 -8.017e+00 -7.994e+00 -7.652e+00 
016 -7.948e+00 -8.171e+00 -7.848e+00 (C) 
017 -7.831e+00 -8.030e+00 -7.714e+00 
018 -7.893e+00 -8.103e+00 -7.885e+00 
019 -8.071e+00 -8.224e+00 -7.911e+00 (C) 
020 -8.185e+00 -8.336e+00 -7.995e+00 (C) 
021 -8.254e+00 -8.305e+00 -8.160e+00 
022 -8.266e+00 -8.529e+00 -8.395e+00 (C) 
023 -8.321e+00 -8.041e+00 -8.009e+00 
024 -8.268e+00 -8.084e+00 -7.878e+00 
025 -8.429e+00 -8.914e+00 -8.772e+00 (C) 
026 -8.641e+00 -9.405e+00 -8.916e+00 (C) 
027 -8.919e+00 -9.429e+00 -9.152e+00 (C) 
028 -9.054e+00 -9.456e+00 -9.115e+00 (C) 
029 -8.998e+00 -9.474e+00 -8.912e+00 (C) 
030 -8.874e+00 -9.000e+00 -8.543e+00 
031 -8.724e+00 -7.846e+00 -7.985e+00 
032 -8.726e+00 -9.470e+00 -9.244e+00 
033 -9.062e+00 -9.382e+00 -9.303e+00 
034 -9.286e+00 -9.864e+00 -9.454e+00 (C) 
035 -9.411e+00 -9.896e+00 -9.463e+00 (C) 
036 -9.351e+00 -9.655e+00 -9.285e+00 
037 -9.178e+00 -9.635e+00 -9.029e+00 
038 -9.043e+00 -9.309e+00 -9.325e+00 
039 -9.090e+00 -9.545e+00 -9.098e+00 
040 -9.291e+00 -9.966e+00 -9.508e+00 (C) 
041 -9.561e+00 -1.005e+01 -9.682e+00 (C) 
042 -9.704e+00 -1.008e+01 -9.806e+00 (C) 
043 -9.643e+00 -9.919e+00 -9.794e+00 
044 -9.449e+00 -9.150e+00 -9.260e+00 
045 -9.256e+00 -8.186e+00 -7.903e+00 
046 -9.189e+00 -9.481e+00 -9.278e+00 
047 -9.427e+00 -9.463e+00 -9.202e+00 
048 -9.667e+00 -9.791e+00 -9.813e+00 
049 -9.802e+00 -1.031e+01 -1.003e+01 (C) 
050 -9.776e+00 -9.694e+00 -9.340e+00 
051 -9.590e+00 -8.972e+00 -9.184e+00 
052 -9.414e+00 -9.587e+00 -9.669e+00 
053 -9.383e+00 -9.715e+00 -9.547e+00 
054 -9.547e+00 -8.955e+00 -9.163e+00 
055 -9.744e+00 -1.030e+01 -1.008e+01 
056 -9.884e+00 -1.062e+01 -1.015e+01 (C) 
057 -9.875e+00 -9.262e+00 -9.351e+00 
058 -9.729e+00 -8.713e+00 -8.699e+00 
059 -9.564e+00 -9.143e+00 -8.951e+00 
060 -9.492e+00 -9.260e+00 -8.838e+00 
061 -9.629e+00 -8.573e+00 -8.582e+00 
062 -9.808e+00 -1.006e+01 -9.777e+00 
063 -9.961e+00 -1.043e+01 -1.012e+01 
064 -9.969e+00 -1.042e+01 -9.910e+00 
065 -9.828e+00 -9.727e+00 -8.965e+00 
066 -9.652e+00 -9.589e+00 -9.029e+00 
067 -9.562e+00 -9.459e+00 -9.155e+00 
068 -9.705e+00 -9.933e+00 -9.772e+00 
069 -9.854e+00 -1.040e+01 -1.014e+01 
070 -1.001e+01 -1.068e+01 -1.020e+01 (C) 
071 -1.004e+01 -1.019e+01 -9.892e+00 
072 -9.911e+00 -9.789e+00 -9.756e+00 
073 -9.752e+00 -9.301e+00 -9.093e+00 
074 -9.637e+00 -9.451e+00 -9.283e+00 
075 -9.740e+00 -9.898e+00 -9.362e+00 
076 -9.894e+00 -1.005e+01 -9.782e+00 
077 -1.003e+01 -1.069e+01 -1.025e+01 (C) 
078 -1.008e+01 -1.051e+01 -1.025e+01 
079 -1.000e+01 -9.593e+00 -8.939e+00 
080 -9.828e+00 -9.505e+00 -8.982e+00 
081 -9.690e+00 -9.388e+00 -9.642e+00 
082 -9.789e+00 -9.878e+00 -9.335e+00 
083 -9.945e+00 -1.048e+01 -9.781e+00 
084 -1.010e+01 -1.072e+01 -1.028e+01 (C) 
085 -1.013e+01 -1.043e+01 -9.816e+00 
086 -1.006e+01 -9.395e+00 -9.053e+00 
087 -9.903e+00 -8.832e+00 -8.513e+00 
088 -9.763e+00 -9.986e+00 -9.676e+00 
089 -9.870e+00 -9.006e+00 -8.485e+00 
090 -1.002e+01 -1.074e+01 -9.987e+00 (C) 
091 -1.014e+01 -1.078e+01 -1.027e+01 (C) 
092 -1.022e+01 -1.088e+01 -1.025e+01 (C) 
093 -1.013e+01 -8.362e+00 -8.320e+00 
094 -1.001e+01 -9.214e+00 -8.705e+00 
095 -9.889e+00 -8.508e+00 -8.501e+00 
096 -9.954e+00 -1.020e+01 -9.556e+00 
097 -1.012e+01 -1.066e+01 -1.034e+01 
098 -1.026e+01 -1.083e+01 -1.039e+01 
099 -1.036e+01 -1.086e+01 -1.020e+01 
100 -1.028e+01 -8.631e+00 -8.683e+00 
101 -1.017e+01 -8.290e+00 -7.893e+00 
102 -1.002e+01 -9.895e+00 -9.391e+00 
103 -1.006e+01 -9.986e+00 -9.312e+00 
104 -1.022e+01 -1.008e+01 -9.116e+00 
105 -1.035e+01 -1.093e+01 -1.022e+01 (C) 
106 -1.046e+01 -1.043e+01 -9.872e+00 
107 -1.039e+01 -9.534e+00 -9.552e+00 
108 -1.023e+01 -9.288e+00 -8.923e+00 
109 -1.010e+01 -9.258e+00 -8.788e+00 
110 -1.013e+01 -9.822e+00 -9.632e+00 
111 -1.024e+01 -1.019e+01 -1.000e+01 
112 -1.042e+01 -1.092e+01 -1.034e+01 
113 -1.048e+01 -1.062e+01 -1.024e+01 
114 -1.045e+01 -9.458e+00 -9.281e+00 
115 -1.033e+01 -9.242e+00 -8.893e+00 
116 -1.017e+01 -8.585e+00 -8.138e+00 
117 -1.016e+01 -1.023e+01 -9.915e+00 
118 -1.031e+01 -1.052e+01 -1.002e+01 
119 -1.046e+01 -1.096e+01 -1.035e+01 (C) 
120 -1.056e+01 -1.095e+01 -1.039e+01 
121 -1.054e+01 -1.012e+01 -1.002e+01 
122 -1.042e+01 -8.832e+00 -9.009e+00 
123 -1.025e+01 -8.646e+00 -8.282e+00 
124 -1.021e+01 -9.531e+00 -8.810e+00 
125 -1.033e+01 -1.066e+01 -1.000e+01 
126 -1.050e+01 -1.098e+01 -1.045e+01 (C) 
127 -1.061e+01 -1.118e+01 -1.039e+01 (C) 
128 -1.059e+01 -9.343e+00 -9.345e+00 
129 -1.047e+01 -9.212e+00 -8.547e+00 
130 -1.031e+01 -9.634e+00 -9.519e+00 
131 -1.028e+01 -9.025e+00 -8.469e+00 
132 -1.041e+01 -1.000e+01 -9.709e+00 
133 -1.055e+01 -1.091e+01 -9.965e+00 
134 -1.069e+01 -1.106e+01 -1.038e+01 
135 -1.067e+01 -1.014e+01 -9.663e+00 
136 -1.054e+01 -9.689e+00 -9.658e+00 
137 -1.040e+01 -1.005e+01 -9.798e+00 
138 -1.033e+01 -1.025e+01 -9.531e+00 
139 -1.044e+01 -9.539e+00 -8.980e+00 
140 -1.060e+01 -1.030e+01 -1.004e+01 
141 -1.070e+01 -1.107e+01 -1.051e+01 
142 -1.075e+01 -9.837e+00 -9.721e+00 
143 -1.061e+01 -1.013e+01 -9.625e+00 
144 -1.048e+01 -9.394e+00 -9.120e+00 
145 -1.037e+01 -8.569e+00 -8.348e+00 
146 -1.045e+01 -1.066e+01 -9.993e+00 
147 -1.061e+01 -1.094e+01 -9.962e+00 
148 -1.077e+01 -1.095e+01 -1.048e+01 
149 -1.080e+01 -1.005e+01 -1.014e+01 
150 -1.068e+01 -8.649e+00 -8.754e+00 
151 -1.055e+01 -9.160e+00 -9.325e+00 
152 -1.042e+01 -1.048e+01 -9.613e+00 
153 -1.049e+01 -1.012e+01 -9.593e+00 
154 -1.066e+01 -1.090e+01 -1.013e+01 
155 -1.081e+01 -1.112e+01 -1.032e+01 
156 -1.085e+01 -1.016e+01 -1.021e+01 
157 -1.076e+01 -9.767e+00 -9.426e+00 
158 -1.060e+01 -1.001e+01 -9.379e+00 
159 -1.049e+01 -9.814e+00 -9.581e+00 
160 -1.052e+01 -1.049e+01 -1.022e+01 
161 -1.067e+01 -1.094e+01 -1.026e+01 
162 -1.087e+01 -1.108e+01 -1.045e+01 
163 -1.093e+01 -9.388e+00 -9.130e+00 
164 -1.083e+01 -1.063e+01 -9.971e+00 
165 -1.066e+01 -9.720e+00 -9.450e+00 
166 -1.054e+01 -8.593e+00 -7.980e+00 
167 -1.059e+01 -1.031e+01 -9.485e+00 
168 -1.073e+01 -1.052e+01 -1.020e+01 
169 -1.089e+01 -1.108e+01 -1.041e+01 
170 -1.099e+01 -1.007e+01 -9.839e+00 
171 -1.087e+01 -9.214e+00 -9.082e+00 
172 -1.074e+01 -9.806e+00 -9.104e+00 
173 -1.062e+01 -1.013e+01 -9.613e+00 
174 -1.062e+01 -9.009e+00 -9.118e+00 
175 -1.075e+01 -1.057e+01 -9.702e+00 
176 -1.092e+01 -1.085e+01 -1.025e+01 
177 -1.105e+01 -1.002e+01 -9.967e+00 
178 -1.095e+01 -1.012e+01 -9.661e+00 
179 -1.081e+01 -9.892e+00 -9.599e+00 
180 -1.064e+01 -9.309e+00 -8.672e+00 
181 -1.067e+01 -9.861e+00 -9.303e+00 
182 -1.081e+01 -9.734e+00 -9.790e+00 
183 -1.096e+01 -1.061e+01 -1.009e+01 
184 -1.108e+01 -9.929e+00 -9.937e+00 
185 -1.102e+01 -1.047e+01 -9.735e+00 
186 -1.085e+01 -1.009e+01 -9.445e+00 
187 -1.069e+01 -1.027e+01 -9.863e+00 
188 -1.068e+01 -1.059e+01 -9.809e+00 
189 -1.086e+01 -1.020e+01 -9.786e+00 
190 -1.102e+01 -1.042e+01 -9.976e+00 
191 -1.113e+01 -1.023e+01 -9.934e+00 
192 -1.109e+01 -1.089e+01 -1.016e+01 
193 -1.094e+01 -1.038e+01 -1.023e+01 
194 -1.079e+01 -9.374e+00 -8.953e+00 
195 -1.073e+01 -9.003e+00 -8.807e+00 
196 -1.087e+01 -9.867e+00 -8.952e+00 
197 -1.105e+01 -1.006e+01 -9.696e+00 
198 -1.121e+01 -1.083e+01 -1.023e+01 
199 -1.115e+01 -9.219e+00 -8.651e+00 
Time take (h): 5.7597

Trial number: 50
Fields: ['fiducial']
lr: 0.002062745333434864
wd: 2.7426641137364623e-06
dr: 0.3853921845134838
hidden: 11

Preparing datasets...
size_maps, size_sims, splits 21600 900 24
Found 1 channels
Reading data...
-2.392e+00 < F(all|orig) < 1.110e+01
-11.316 < F(all|norm) < 17.568
size_maps, size_sims, splits 1200 50 24
Found 1 channels
Reading data...
-2.392e+00 < F(all|orig) < 1.110e+01
-11.316 < F(all|norm) < 17.568
Channel 0 contains 9600 maps
-6.746 < F < 10.729

size_maps, size_sims, splits 1200 50 24
Found 1 channels
Reading data...
-2.392e+00 < F(all|orig) < 1.110e+01
-11.316 < F(all|norm) < 17.568
Channel 0 contains 9600 maps
-9.752 < F < 14.721

total number of parameters in the model = 28436376
Computing initial validation loss
Initial valid loss = 6.366e-01
000 8.663e+00 -6.249e+00 -6.464e+00 (C) 
001 -2.418e+00 -6.576e+00 -6.143e+00 (C) 
002 -4.665e+00 -7.512e+00 -7.495e+00 (C) 
003 -6.754e+00 -7.418e+00 -7.258e+00 
004 -7.819e+00 -8.266e+00 -8.167e+00 (C) 
005 -8.548e+00 -9.401e+00 -8.950e+00 (C) 
006 -9.118e+00 -9.764e+00 -9.245e+00 (C) 
007 -9.230e+00 -9.383e+00 -9.340e+00 
008 -8.873e+00 -8.906e+00 -8.899e+00 
009 -8.295e+00 -7.504e+00 -7.705e+00 
010 -7.704e+00 -8.964e+00 -8.788e+00 
011 -8.572e+00 -8.474e+00 -8.044e+00 
012 -9.272e+00 -9.833e+00 -9.352e+00 (C) 
013 -9.773e+00 -1.042e+01 -1.008e+01 (C) 
014 -9.949e+00 -1.031e+01 -9.797e+00 
015 -9.541e+00 -9.571e+00 -9.220e+00 
016 -8.886e+00 -8.449e+00 -8.558e+00 
017 -6.829e+00 -6.406e+00 -6.383e+00 
018 -8.639e+00 -8.400e+00 -7.865e+00 
019 -9.628e+00 -9.592e+00 -9.327e+00 
020 -9.992e+00 -1.063e+01 -1.001e+01 (C) 
021 -1.013e+01 -9.776e+00 -9.774e+00 
022 -9.871e+00 -9.113e+00 -8.633e+00 
023 -9.407e+00 -6.081e+00 -5.916e+00 
024 -7.421e+00 -6.987e+00 -6.816e+00 
025 -9.383e+00 -8.974e+00 -8.868e+00 
026 -9.836e+00 -9.530e+00 -9.448e+00 
027 -1.013e+01 -1.025e+01 -1.004e+01 
028 -1.031e+01 -1.002e+01 -9.742e+00 
029 -1.010e+01 -9.011e+00 -8.845e+00 
030 -9.765e+00 -8.292e+00 -7.618e+00 
031 -9.312e+00 -8.785e+00 -8.589e+00 
032 -9.182e+00 -8.246e+00 -7.543e+00 
033 -9.902e+00 -9.116e+00 -8.491e+00 
034 -1.022e+01 -1.041e+01 -9.913e+00 
035 -1.039e+01 -1.050e+01 -9.948e+00 
036 -1.021e+01 -6.716e+00 -6.672e+00 
037 -9.924e+00 -6.994e+00 -6.454e+00 
038 -9.554e+00 -7.633e+00 -7.793e+00 
039 -9.666e+00 -8.578e+00 -8.540e+00 
040 -9.972e+00 -8.865e+00 -8.415e+00 
041 -1.025e+01 -1.002e+01 -9.472e+00 
042 -1.048e+01 -1.051e+01 -1.000e+01 
043 -1.034e+01 -8.189e+00 -7.877e+00 
044 -1.003e+01 -7.969e+00 -7.453e+00 
045 -9.734e+00 -6.951e+00 -7.398e+00 
046 -9.732e+00 -9.336e+00 -8.552e+00 
047 -1.010e+01 -9.696e+00 -9.184e+00 
048 -1.046e+01 -9.873e+00 -9.208e+00 
049 -1.074e+01 -1.094e+01 -1.058e+01 (C) 
050 -1.062e+01 -8.043e+00 -8.080e+00 
051 -1.035e+01 -7.667e+00 -7.286e+00 
052 -1.000e+01 -7.290e+00 -6.951e+00 
053 -1.007e+01 -9.002e+00 -9.090e+00 
054 -1.036e+01 -9.186e+00 -8.838e+00 
055 -1.063e+01 -9.592e+00 -8.788e+00 
056 -1.090e+01 -1.141e+01 -1.050e+01 (C) 
057 -1.080e+01 -1.036e+01 -9.744e+00 
058 -1.052e+01 -1.054e+01 -9.612e+00 
059 -1.025e+01 -8.560e+00 -8.024e+00 
060 -1.019e+01 -9.785e+00 -9.068e+00 
061 -1.044e+01 -9.948e+00 -9.419e+00 
062 -1.073e+01 -1.026e+01 -9.885e+00 
063 -1.098e+01 -1.117e+01 -1.031e+01 
064 -1.090e+01 -1.023e+01 -9.941e+00 
065 -1.069e+01 -1.059e+01 -9.717e+00 
066 -1.042e+01 -8.769e+00 -8.046e+00 
067 -1.029e+01 -8.764e+00 -8.272e+00 
068 -1.055e+01 -1.046e+01 -1.011e+01 
069 -1.076e+01 -1.112e+01 -1.031e+01 
070 -1.101e+01 -1.129e+01 -1.049e+01 
071 -1.104e+01 -8.606e+00 -7.987e+00 
072 -1.078e+01 -8.134e+00 -7.953e+00 
073 -1.056e+01 -6.888e+00 -6.687e+00 
074 -1.038e+01 -7.494e+00 -6.959e+00 
075 -1.056e+01 -1.049e+01 -9.837e+00 
076 -1.083e+01 -1.067e+01 -9.737e+00 
077 -1.108e+01 -1.136e+01 -1.053e+01 
078 -1.114e+01 -1.034e+01 -9.595e+00 
079 -1.086e+01 -8.436e+00 -8.096e+00 
080 -1.064e+01 -8.519e+00 -7.931e+00 
081 -1.048e+01 -9.199e+00 -8.707e+00 
082 -1.065e+01 -9.923e+00 -9.000e+00 
083 -1.090e+01 -1.039e+01 -9.554e+00 
084 -1.113e+01 -1.139e+01 -1.050e+01 
085 -1.123e+01 -1.091e+01 -1.027e+01 
086 -1.099e+01 -9.864e+00 -9.273e+00 
087 -1.075e+01 -8.371e+00 -8.429e+00 
088 -1.058e+01 -8.466e+00 -8.225e+00 
089 -1.070e+01 -1.051e+01 -1.005e+01 
090 -1.094e+01 -1.035e+01 -9.907e+00 
091 -1.116e+01 -1.096e+01 -1.027e+01 
092 -1.130e+01 -1.060e+01 -9.802e+00 
093 -1.111e+01 -9.078e+00 -8.540e+00 
094 -1.088e+01 -9.515e+00 -8.828e+00 
095 -1.064e+01 -8.446e+00 -7.629e+00 
096 -1.078e+01 -9.829e+00 -9.276e+00 
097 -1.099e+01 -1.019e+01 -9.895e+00 
098 -1.125e+01 -1.049e+01 -9.832e+00 
099 -1.136e+01 -1.082e+01 -1.006e+01 
100 -1.122e+01 -1.059e+01 -9.978e+00 
101 -1.097e+01 -9.994e+00 -9.166e+00 
102 -1.079e+01 -9.498e+00 -9.835e+00 
103 -1.082e+01 -9.921e+00 -9.711e+00 
104 -1.102e+01 -1.041e+01 -9.683e+00 
105 -1.130e+01 -1.098e+01 -1.035e+01 
106 -1.149e+01 -1.091e+01 -1.017e+01 
107 -1.132e+01 -9.324e+00 -9.381e+00 
108 -1.111e+01 -8.491e+00 -7.763e+00 
109 -1.088e+01 -7.637e+00 -7.154e+00 
110 -1.090e+01 -9.981e+00 -9.085e+00 
111 -1.112e+01 -9.140e+00 -8.928e+00 
112 -1.138e+01 -1.094e+01 -1.059e+01 
113 -1.158e+01 -9.939e+00 -9.592e+00 
114 -1.141e+01 -1.070e+01 -9.991e+00 
115 -1.120e+01 -9.896e+00 -9.005e+00 
116 -1.093e+01 -9.872e+00 -9.489e+00 
117 -1.094e+01 -1.073e+01 -1.004e+01 
118 -1.119e+01 -1.075e+01 -1.019e+01 
119 -1.142e+01 -1.076e+01 -1.029e+01 
120 -1.168e+01 -1.074e+01 -1.048e+01 
121 -1.152e+01 -9.954e+00 -9.823e+00 
122 -1.129e+01 -8.267e+00 -8.173e+00 
123 -1.107e+01 -9.253e+00 -8.951e+00 
124 -1.106e+01 -8.648e+00 -8.633e+00 
125 -1.125e+01 -1.062e+01 -1.012e+01 
126 -1.149e+01 -1.008e+01 -9.322e+00 
127 -1.172e+01 -1.073e+01 -1.046e+01 
128 -1.164e+01 -1.050e+01 -9.701e+00 
129 -1.139e+01 -9.386e+00 -8.558e+00 
130 -1.116e+01 -8.522e+00 -7.802e+00 
131 -1.108e+01 -9.723e+00 -8.839e+00 
132 -1.131e+01 -1.068e+01 -9.764e+00 
133 -1.156e+01 -1.083e+01 -1.013e+01 
134 -1.180e+01 -1.108e+01 -1.037e+01 
135 -1.178e+01 -9.123e+00 -8.575e+00 
136 -1.151e+01 -9.049e+00 -9.221e+00 
137 -1.129e+01 -9.382e+00 -9.065e+00 
138 -1.117e+01 -9.260e+00 -8.890e+00 
139 -1.136e+01 -9.495e+00 -9.464e+00 
140 -1.163e+01 -1.069e+01 -9.870e+00 
141 -1.188e+01 -1.096e+01 -1.050e+01 
142 -1.189e+01 -1.075e+01 -1.017e+01 
143 -1.169e+01 -8.449e+00 -8.689e+00 
144 -1.137e+01 -8.831e+00 -8.324e+00 
145 -1.123e+01 -7.858e+00 -7.494e+00 
146 -1.143e+01 -1.006e+01 -9.703e+00 
147 -1.167e+01 -1.034e+01 -1.004e+01 
148 -1.196e+01 -1.094e+01 -1.041e+01 
149 -1.200e+01 -1.060e+01 -1.020e+01 
150 -1.178e+01 -9.926e+00 -1.002e+01 
151 -1.146e+01 -8.690e+00 -8.260e+00 
152 -1.130e+01 -8.473e+00 -7.982e+00 
153 -1.145e+01 -1.052e+01 -1.027e+01 
154 -1.172e+01 -1.009e+01 -9.929e+00 
155 -1.203e+01 -1.094e+01 -1.033e+01 
156 -1.213e+01 -1.014e+01 -9.182e+00 
157 -1.190e+01 -9.019e+00 -8.578e+00 
158 -1.161e+01 -8.258e+00 -8.488e+00 
159 -1.139e+01 -9.592e+00 -8.840e+00 
160 -1.152e+01 -1.066e+01 -9.617e+00 
161 -1.184e+01 -9.158e+00 -8.668e+00 
162 -1.210e+01 -1.079e+01 -1.027e+01 
163 -1.223e+01 -1.072e+01 -1.010e+01 
164 -1.200e+01 -1.069e+01 -1.003e+01 
165 -1.171e+01 -9.966e+00 -9.386e+00 
166 -1.146e+01 -9.572e+00 -9.050e+00 
167 -1.158e+01 -9.819e+00 -9.433e+00 
168 -1.186e+01 -1.030e+01 -9.781e+00 
169 -1.218e+01 -1.044e+01 -1.018e+01 
170 -1.236e+01 -1.031e+01 -1.009e+01 
171 -1.214e+01 -1.016e+01 -9.671e+00 
172 -1.186e+01 -9.274e+00 -8.629e+00 
173 -1.156e+01 -1.022e+01 -9.955e+00 
174 -1.168e+01 -8.193e+00 -7.607e+00 
175 -1.192e+01 -9.828e+00 -1.003e+01 
176 -1.227e+01 -1.032e+01 -9.898e+00 
177 -1.249e+01 -9.999e+00 -9.746e+00 
178 -1.228e+01 -1.031e+01 -9.364e+00 
179 -1.194e+01 -8.300e+00 -7.954e+00 
180 -1.170e+01 -8.784e+00 -8.396e+00 
181 -1.170e+01 -9.233e+00 -9.045e+00 
182 -1.199e+01 -1.044e+01 -9.804e+00 
183 -1.228e+01 -1.056e+01 -1.018e+01 
184 -1.256e+01 -1.041e+01 -1.008e+01 
185 -1.239e+01 -9.345e+00 -8.523e+00 
186 -1.207e+01 -9.809e+00 -9.055e+00 
187 -1.174e+01 -9.434e+00 -8.857e+00 
188 -1.172e+01 -8.757e+00 -8.467e+00 
189 -1.202e+01 -1.033e+01 -9.438e+00 
190 -1.238e+01 -1.060e+01 -9.855e+00 
191 -1.265e+01 -1.030e+01 -9.868e+00 
192 -1.249e+01 -9.720e+00 -9.586e+00 
193 -1.219e+01 -9.464e+00 -9.030e+00 
194 -1.182e+01 -8.915e+00 -8.331e+00 
195 -1.183e+01 -7.310e+00 -7.435e+00 
196 -1.208e+01 -9.257e+00 -8.717e+00 
197 -1.242e+01 -1.043e+01 -9.975e+00 
198 -1.274e+01 -1.062e+01 -1.004e+01 
199 -1.262e+01 -9.802e+00 -9.051e+00 
Time take (h): 7.0466

Trial number: 74
Fields: ['fiducial']
lr: 0.004925358328776362
wd: 8.588679057587776e-05
dr: 0.47723907555066475
hidden: 10

Preparing datasets...
size_maps, size_sims, splits 21600 900 24
Found 1 channels
Reading data...
-2.392e+00 < F(all|orig) < 1.110e+01
-11.316 < F(all|norm) < 17.568
size_maps, size_sims, splits 1200 50 24
Found 1 channels
Reading data...
-2.392e+00 < F(all|orig) < 1.110e+01
-11.316 < F(all|norm) < 17.568
Channel 0 contains 9600 maps
-6.746 < F < 10.729

size_maps, size_sims, splits 1200 50 24
Found 1 channels
Reading data...
-2.392e+00 < F(all|orig) < 1.110e+01
-11.316 < F(all|norm) < 17.568
Channel 0 contains 9600 maps
-9.752 < F < 14.721

total number of parameters in the model = 23503292
Computing initial validation loss
Initial valid loss = 1.651e+00
000 1.049e+01 -5.871e+00 -5.842e+00 (C) 
001 -1.489e+00 -6.078e+00 -6.200e+00 (C) 
002 -5.320e+00 -5.985e+00 -6.003e+00 
003 -2.357e+00 -8.052e+00 -7.743e+00 (C) 
004 -7.335e+00 -7.762e+00 -7.427e+00 
005 -8.172e+00 -8.861e+00 -8.424e+00 (C) 
006 -8.664e+00 -9.142e+00 -8.555e+00 (C) 
007 -8.756e+00 -8.969e+00 -8.459e+00 
008 -8.450e+00 -8.670e+00 -8.092e+00 
009 -6.461e+00 -7.170e+00 -7.131e+00 
010 -7.663e+00 -7.628e+00 -7.371e+00 
011 -8.508e+00 -8.561e+00 -8.180e+00 
012 -9.036e+00 -9.791e+00 -9.451e+00 (C) 
013 -9.539e+00 -9.953e+00 -9.508e+00 (C) 
014 -9.647e+00 -8.533e+00 -8.299e+00 
015 -9.360e+00 -8.566e+00 -8.198e+00 
016 -9.029e+00 -8.854e+00 -8.886e+00 
017 -8.870e+00 -8.121e+00 -8.421e+00 
018 -9.219e+00 -9.331e+00 -9.015e+00 
019 -9.511e+00 -9.891e+00 -9.513e+00 
020 -9.774e+00 -1.023e+01 -9.681e+00 (C) 
021 -9.885e+00 -1.013e+01 -9.677e+00 
022 -9.711e+00 -8.375e+00 -8.069e+00 
023 -9.447e+00 -9.029e+00 -8.726e+00 
024 -9.253e+00 -9.068e+00 -8.885e+00 
025 -9.427e+00 -8.818e+00 -8.467e+00 
026 -9.629e+00 -9.703e+00 -9.281e+00 
027 -9.842e+00 -1.033e+01 -9.795e+00 (C) 
028 -9.979e+00 -1.027e+01 -9.948e+00 
029 -9.810e+00 -1.013e+01 -9.646e+00 
030 -9.575e+00 -8.560e+00 -8.434e+00 
031 -9.343e+00 -8.401e+00 -8.068e+00 
032 -9.398e+00 -9.357e+00 -9.419e+00 
033 -9.661e+00 -9.335e+00 -9.032e+00 
034 -9.869e+00 -1.023e+01 -9.609e+00 
035 -1.004e+01 -1.009e+01 -9.967e+00 
036 -9.945e+00 -9.631e+00 -9.301e+00 
037 -9.765e+00 -8.101e+00 -7.739e+00 
038 -9.524e+00 -6.983e+00 -6.466e+00 
039 -9.622e+00 -9.287e+00 -8.893e+00 
040 -9.868e+00 -8.802e+00 -8.810e+00 
041 -1.014e+01 -1.023e+01 -9.759e+00 
042 -1.036e+01 -9.132e+00 -8.416e+00 
043 -1.019e+01 -9.451e+00 -8.867e+00 
044 -9.936e+00 -8.122e+00 -7.618e+00 
045 -9.625e+00 -6.954e+00 -6.839e+00 
046 -9.614e+00 -9.110e+00 -9.286e+00 
047 -9.866e+00 -9.839e+00 -9.775e+00 
048 -1.014e+01 -1.053e+01 -1.000e+01 (C) 
049 -1.037e+01 -1.047e+01 -1.011e+01 
050 -1.026e+01 -7.774e+00 -8.074e+00 
051 -9.956e+00 -7.943e+00 -7.761e+00 
052 -9.683e+00 -6.763e+00 -6.279e+00 
053 -9.616e+00 -8.573e+00 -7.929e+00 
054 -9.907e+00 -9.281e+00 -8.711e+00 
055 -1.013e+01 -1.048e+01 -9.778e+00 
056 -1.039e+01 -1.070e+01 -1.028e+01 (C) 
057 -1.031e+01 -9.215e+00 -8.860e+00 
058 -1.005e+01 -8.965e+00 -8.273e+00 
059 -9.736e+00 -7.906e+00 -7.501e+00 
060 -9.596e+00 -7.994e+00 -7.887e+00 
061 -9.877e+00 -1.015e+01 -9.918e+00 
062 -1.012e+01 -1.054e+01 -1.005e+01 
063 -1.039e+01 -1.086e+01 -1.038e+01 (C) 
064 -1.036e+01 -9.067e+00 -8.617e+00 
065 -1.009e+01 -9.204e+00 -8.530e+00 
066 -9.801e+00 -8.720e+00 -8.279e+00 
067 -9.626e+00 -9.113e+00 -9.071e+00 
068 -9.852e+00 -7.905e+00 -7.803e+00 
069 -1.017e+01 -1.009e+01 -1.004e+01 
070 -1.040e+01 -1.091e+01 -1.036e+01 (C) 
071 -1.041e+01 -9.868e+00 -9.419e+00 
072 -1.015e+01 -9.853e+00 -9.500e+00 
073 -9.826e+00 -7.412e+00 -7.623e+00 
074 -9.620e+00 -9.179e+00 -9.104e+00 
075 -9.857e+00 -9.021e+00 -9.161e+00 
076 -1.015e+01 -9.110e+00 -8.762e+00 
077 -1.043e+01 -1.095e+01 -1.039e+01 (C) 
078 -1.050e+01 -9.618e+00 -9.183e+00 
079 -1.022e+01 -8.074e+00 -7.889e+00 
080 -9.905e+00 -8.870e+00 -9.094e+00 
081 -9.656e+00 -9.471e+00 -8.760e+00 
082 -9.873e+00 -9.450e+00 -8.643e+00 
083 -1.022e+01 -9.840e+00 -9.713e+00 
084 -1.050e+01 -1.126e+01 -1.054e+01 (C) 
085 -1.066e+01 -9.875e+00 -9.885e+00 
086 -1.039e+01 -9.025e+00 -8.597e+00 
087 -1.009e+01 -8.338e+00 -8.396e+00 
088 -9.780e+00 -8.947e+00 -8.379e+00 
089 -1.003e+01 -9.338e+00 -8.621e+00 
090 -1.038e+01 -9.203e+00 -8.828e+00 
091 -1.071e+01 -1.103e+01 -1.016e+01 
092 -1.085e+01 -1.096e+01 -1.018e+01 
093 -1.062e+01 -9.513e+00 -9.331e+00 
094 -1.029e+01 -1.011e+01 -9.349e+00 
095 -9.956e+00 -7.630e+00 -7.400e+00 
096 -1.010e+01 -8.581e+00 -8.047e+00 
097 -1.041e+01 -9.032e+00 -8.245e+00 
098 -1.075e+01 -1.117e+01 -1.048e+01 
099 -1.094e+01 -1.063e+01 -1.020e+01 
100 -1.072e+01 -1.038e+01 -9.862e+00 
101 -1.036e+01 -8.221e+00 -7.669e+00 
102 -1.005e+01 -8.542e+00 -8.106e+00 
103 -1.015e+01 -9.356e+00 -9.043e+00 
104 -1.046e+01 -9.939e+00 -9.226e+00 
105 -1.080e+01 -1.127e+01 -1.058e+01 (C) 
106 -1.104e+01 -1.025e+01 -9.624e+00 
107 -1.080e+01 -9.083e+00 -8.627e+00 
108 -1.048e+01 -8.879e+00 -8.649e+00 
109 -1.010e+01 -8.630e+00 -8.204e+00 
110 -1.016e+01 -7.757e+00 -7.526e+00 
111 -1.050e+01 -1.108e+01 -1.020e+01 
112 -1.084e+01 -1.040e+01 -1.016e+01 
113 -1.107e+01 -1.095e+01 -1.036e+01 
114 -1.089e+01 -1.075e+01 -9.892e+00 
115 -1.058e+01 -1.002e+01 -9.108e+00 
116 -1.021e+01 -8.709e+00 -8.542e+00 
117 -1.019e+01 -9.202e+00 -9.301e+00 
118 -1.050e+01 -1.035e+01 -9.812e+00 
119 -1.084e+01 -1.047e+01 -1.007e+01 
120 -1.116e+01 -1.093e+01 -1.052e+01 
121 -1.099e+01 -1.028e+01 -9.998e+00 
122 -1.069e+01 -9.875e+00 -8.912e+00 
123 -1.028e+01 -9.279e+00 -8.401e+00 
124 -1.019e+01 -9.610e+00 -9.218e+00 
125 -1.053e+01 -8.738e+00 -8.797e+00 
126 -1.086e+01 -1.031e+01 -1.006e+01 
127 -1.122e+01 -1.110e+01 -1.045e+01 
128 -1.109e+01 -1.011e+01 -1.001e+01 
129 -1.076e+01 -8.854e+00 -8.247e+00 
130 -1.040e+01 -9.300e+00 -8.809e+00 
131 -1.025e+01 -9.631e+00 -9.417e+00 
132 -1.060e+01 -8.667e+00 -8.240e+00 
133 -1.091e+01 -1.034e+01 -1.027e+01 
134 -1.126e+01 -1.118e+01 -1.056e+01 
135 -1.118e+01 -1.025e+01 -1.011e+01 
136 -1.086e+01 -9.343e+00 -9.156e+00 
137 -1.047e+01 -8.377e+00 -8.388e+00 
138 -1.024e+01 -9.904e+00 -9.527e+00 
139 -1.062e+01 -1.034e+01 -9.845e+00 
140 -1.094e+01 -1.056e+01 -9.922e+00 
141 -1.129e+01 -1.119e+01 -1.055e+01 
142 -1.129e+01 -1.082e+01 -1.046e+01 
143 -1.094e+01 -1.035e+01 -9.649e+00 
144 -1.055e+01 -9.266e+00 -9.339e+00 
145 -1.035e+01 -9.042e+00 -8.973e+00 
146 -1.059e+01 -9.834e+00 -9.702e+00 
147 -1.095e+01 -1.066e+01 -1.025e+01 
148 -1.137e+01 -1.120e+01 -1.053e+01 
149 -1.138e+01 -1.063e+01 -1.009e+01 
150 -1.104e+01 -1.028e+01 -9.741e+00 
151 -1.066e+01 -9.386e+00 -8.665e+00 
152 -1.036e+01 -8.709e+00 -8.688e+00 
153 -1.063e+01 -9.877e+00 -9.671e+00 
154 -1.098e+01 -1.011e+01 -9.505e+00 
155 -1.141e+01 -1.111e+01 -1.049e+01 
156 -1.146e+01 -1.058e+01 -9.796e+00 
157 -1.116e+01 -1.011e+01 -9.436e+00 
